TN:
SF:VivahGo/server/index.js
FN:28,buildEmptyPlanner
FN:39,isRecord
FN:43,sanitizeCollection
FN:51,sanitizePlanner
FN:66,createSessionToken
FN:78,getClientOrigins
FN:86,authMiddleware
FN:102,createApp
FN:201,app.get.googleId
FN:226,app.put.googleId
FN:256,start
FNF:11
FNH:10
FNDA:4,buildEmptyPlanner
FNDA:23,isRecord
FNDA:31,sanitizeCollection
FNDA:6,sanitizePlanner
FNDA:2,createSessionToken
FNDA:14,getClientOrigins
FNDA:7,authMiddleware
FNDA:12,createApp
FNDA:2,app.get.googleId
FNDA:2,app.put.googleId
FNDA:0,start
DA:1,7
DA:2,7
DA:3,7
DA:4,7
DA:5,7
DA:6,7
DA:7,7
DA:8,7
DA:9,7
DA:10,7
DA:11,7
DA:12,7
DA:13,7
DA:14,7
DA:15,7
DA:16,7
DA:17,7
DA:18,7
DA:19,7
DA:20,7
DA:21,7
DA:22,7
DA:23,7
DA:24,7
DA:25,7
DA:26,7
DA:27,7
DA:28,7
DA:29,4
DA:30,4
DA:31,4
DA:32,4
DA:33,4
DA:34,4
DA:35,4
DA:36,4
DA:37,4
DA:38,7
DA:39,7
DA:40,23
DA:41,23
DA:42,7
DA:43,7
DA:44,31
DA:45,12
DA:46,12
DA:47,19
DA:48,19
DA:49,31
DA:50,7
DA:51,7
DA:52,6
DA:53,6
DA:54,6
DA:55,6
DA:56,6
DA:57,6
DA:58,6
DA:59,6
DA:60,6
DA:61,6
DA:62,6
DA:63,6
DA:64,6
DA:65,7
DA:66,7
DA:67,2
DA:68,2
DA:69,2
DA:70,2
DA:71,2
DA:72,2
DA:73,2
DA:74,2
DA:75,2
DA:76,2
DA:77,7
DA:78,7
DA:79,14
DA:80,13
DA:81,13
DA:82,1
DA:83,1
DA:84,14
DA:85,7
DA:86,7
DA:87,7
DA:88,7
DA:89,7
DA:90,7
DA:91,1
DA:92,1
DA:93,6
DA:94,6
DA:95,6
DA:96,6
DA:97,7
DA:98,1
DA:99,1
DA:100,7
DA:101,7
DA:102,7
DA:103,12
DA:104,12
DA:105,12
DA:106,12
DA:107,12
DA:108,12
DA:109,12
DA:110,12
DA:111,12
DA:112,12
DA:113,12
DA:114,12
DA:115,7
DA:116,12
DA:117,12
DA:118,12
DA:119,12
DA:120,12
DA:121,12
DA:122,12
DA:123,12
DA:124,12
DA:125,12
DA:126,12
DA:127,12
DA:128,0
DA:129,12
DA:130,12
DA:131,12
DA:132,4
DA:133,1
DA:134,1
DA:135,3
DA:136,4
DA:137,4
DA:138,4
DA:139,0
DA:140,0
DA:141,3
DA:142,3
DA:143,3
DA:144,3
DA:145,3
DA:146,3
DA:147,2
DA:148,2
DA:149,4
DA:150,1
DA:151,1
DA:152,1
DA:153,1
DA:154,1
DA:155,1
DA:156,1
DA:157,1
DA:158,1
DA:159,1
DA:160,4
DA:161,4
DA:162,4
DA:163,4
DA:164,4
DA:165,4
DA:166,4
DA:167,4
DA:168,4
DA:169,1
DA:170,1
DA:171,1
DA:172,1
DA:173,1
DA:174,1
DA:175,1
DA:176,1
DA:177,1
DA:178,1
DA:179,1
DA:180,1
DA:181,1
DA:182,1
DA:183,1
DA:184,1
DA:185,1
DA:186,1
DA:187,1
DA:188,1
DA:189,1
DA:190,1
DA:191,1
DA:192,1
DA:193,1
DA:194,1
DA:195,1
DA:196,1
DA:197,1
DA:198,1
DA:199,12
DA:200,12
DA:201,12
DA:202,2
DA:203,2
DA:204,2
DA:205,2
DA:206,2
DA:207,2
DA:208,2
DA:209,2
DA:210,2
DA:211,2
DA:212,2
DA:213,2
DA:214,2
DA:215,2
DA:216,2
DA:217,2
DA:218,1
DA:219,1
DA:220,1
DA:221,1
DA:222,1
DA:223,1
DA:224,12
DA:225,12
DA:226,12
DA:227,2
DA:228,2
DA:229,2
DA:230,2
DA:231,2
DA:232,2
DA:233,2
DA:234,2
DA:235,2
DA:236,2
DA:237,2
DA:238,2
DA:239,2
DA:240,2
DA:241,2
DA:242,2
DA:243,1
DA:244,1
DA:245,1
DA:246,1
DA:247,1
DA:248,1
DA:249,12
DA:250,12
DA:251,12
DA:252,12
DA:253,7
DA:254,7
DA:255,7
DA:256,7
DA:257,0
DA:258,0
DA:259,0
DA:260,0
DA:261,0
DA:262,0
DA:263,0
DA:264,0
DA:265,0
DA:266,7
DA:267,7
DA:268,7
DA:269,7
DA:270,0
DA:271,0
DA:272,0
DA:273,0
DA:274,0
LF:274
LH:257
BRDA:1,0,0,7
BRDA:269,1,0,0
BRDA:28,2,0,4
BRDA:39,3,0,23
BRDA:40,4,0,16
BRDA:40,5,0,13
BRDA:43,6,0,31
BRDA:44,7,0,28
BRDA:44,8,0,12
BRDA:47,9,0,19
BRDA:51,10,0,6
BRDA:53,11,0,4
BRDA:54,12,0,2
BRDA:66,13,0,2
BRDA:78,14,0,14
BRDA:79,15,0,13
BRDA:82,16,0,1
BRDA:83,17,0,2
BRDA:86,18,0,7
BRDA:87,19,0,1
BRDA:88,20,0,6
BRDA:88,21,0,1
BRDA:90,22,0,1
BRDA:93,23,0,6
BRDA:97,24,0,1
BRDA:102,25,0,12
BRDA:113,26,0,5
BRDA:114,27,0,7
BRDA:115,28,0,0
BRDA:131,29,0,4
BRDA:132,30,0,3
BRDA:132,31,0,1
BRDA:135,32,0,3
BRDA:136,33,0,0
BRDA:138,34,0,3
BRDA:138,35,0,0
BRDA:147,36,0,2
BRDA:149,37,0,2
BRDA:149,38,0,1
BRDA:149,39,0,1
BRDA:160,40,0,0
BRDA:169,41,0,1
BRDA:201,42,0,2
BRDA:201,43,0,2
BRDA:218,44,0,1
BRDA:226,45,0,2
BRDA:226,46,0,2
BRDA:243,47,0,1
BRF:48
BRH:43
end_of_record
TN:
SF:VivahGo/server/models/Planner.js
FN:25,default
FN:39,default
FNF:2
FNH:1
FNDA:0,default
FNDA:1,default
DA:1,1
DA:2,1
DA:3,1
DA:4,1
DA:5,1
DA:6,1
DA:7,1
DA:8,1
DA:9,1
DA:10,1
DA:11,1
DA:12,1
DA:13,1
DA:14,1
DA:15,1
DA:16,1
DA:17,1
DA:18,1
DA:19,1
DA:20,1
DA:21,1
DA:22,1
DA:23,1
DA:24,1
DA:25,1
DA:26,1
DA:27,1
DA:28,1
DA:29,1
DA:30,1
DA:31,1
DA:32,1
DA:33,1
DA:34,1
DA:35,1
DA:36,1
DA:37,1
DA:38,1
DA:39,1
DA:40,1
DA:41,1
DA:42,1
DA:43,1
DA:44,1
DA:45,1
DA:46,1
DA:47,1
DA:48,1
DA:49,1
DA:50,1
DA:51,1
DA:52,1
DA:53,1
DA:54,1
DA:55,1
DA:56,1
DA:57,1
DA:58,1
DA:59,1
DA:60,1
DA:61,1
DA:62,1
DA:63,1
DA:64,1
DA:65,1
DA:66,1
DA:67,1
DA:68,1
DA:69,1
LF:69
LH:69
BRDA:1,0,0,1
BRDA:39,1,0,1
BRF:2
BRH:2
end_of_record
TN:
SF:VivahGo/server/models/User.js
FNF:0
FNH:0
DA:1,1
DA:2,1
DA:3,1
DA:4,1
DA:5,1
DA:6,1
DA:7,1
DA:8,1
DA:9,1
DA:10,1
DA:11,1
DA:12,1
DA:13,1
DA:14,1
DA:15,1
DA:16,1
DA:17,1
DA:18,1
DA:19,1
DA:20,1
DA:21,1
DA:22,1
DA:23,1
DA:24,1
DA:25,1
DA:26,1
DA:27,1
DA:28,1
DA:29,1
DA:30,1
DA:31,1
DA:32,1
LF:32
LH:32
BRDA:1,0,0,1
BRF:1
BRH:1
end_of_record
TN:
SF:VivahGo/src/api.js
FN:1,getRuntimeEnv
FN:8,resolveApiBaseUrl
FN:39,request
FN:65,loginWithGoogle
FN:72,fetchPlanner
FN:76,savePlanner
FN:84,submitFeedback
FNF:7
FNH:7
FNDA:3,getRuntimeEnv
FNDA:8,resolveApiBaseUrl
FNDA:9,request
FNDA:1,loginWithGoogle
FNDA:1,fetchPlanner
FNDA:1,savePlanner
FNDA:1,submitFeedback
DA:1,3
DA:2,3
DA:3,0
DA:4,0
DA:5,3
DA:6,3
DA:7,3
DA:8,3
DA:9,8
DA:10,8
DA:11,8
DA:12,8
DA:13,4
DA:14,4
DA:15,4
DA:16,4
DA:17,2
DA:18,2
DA:19,4
DA:20,6
DA:21,8
DA:22,1
DA:23,1
DA:24,5
DA:25,8
DA:26,1
DA:27,1
DA:28,0
DA:29,0
DA:30,1
DA:31,1
DA:32,1
DA:33,4
DA:34,4
DA:35,8
DA:36,3
DA:37,3
DA:38,3
DA:39,3
DA:40,9
DA:41,9
DA:42,9
DA:43,9
DA:44,9
DA:45,9
DA:46,9
DA:47,9
DA:48,9
DA:49,9
DA:50,9
DA:51,9
DA:52,9
DA:53,1
DA:54,1
DA:55,8
DA:56,8
DA:57,8
DA:58,9
DA:59,2
DA:60,2
DA:61,6
DA:62,6
DA:63,9
DA:64,3
DA:65,3
DA:66,1
DA:67,1
DA:68,1
DA:69,1
DA:70,1
DA:71,3
DA:72,3
DA:73,1
DA:74,1
DA:75,3
DA:76,3
DA:77,1
DA:78,1
DA:79,1
DA:80,1
DA:81,1
DA:82,1
DA:83,3
DA:84,3
DA:85,1
DA:86,1
DA:87,1
DA:88,1
DA:89,1
LF:89
LH:85
BRDA:1,0,0,3
BRDA:1,1,0,3
BRDA:2,2,0,0
BRDA:8,3,0,8
BRDA:8,4,0,0
BRDA:8,5,0,4
BRDA:12,6,0,4
BRDA:14,7,0,1
BRDA:16,8,0,3
BRDA:16,9,0,2
BRDA:20,10,0,6
BRDA:21,11,0,1
BRDA:24,12,0,5
BRDA:25,13,0,1
BRDA:27,14,0,0
BRDA:33,15,0,4
BRDA:39,16,0,9
BRDA:48,17,0,3
BRDA:48,18,0,6
BRDA:50,19,0,4
BRDA:50,20,0,5
BRDA:52,21,0,8
BRDA:52,22,0,1
BRDA:55,23,0,8
BRDA:58,24,0,2
BRDA:59,25,0,1
BRDA:61,26,0,6
BRDA:56,27,0,1
BRDA:65,28,0,1
BRDA:72,29,0,1
BRDA:76,30,0,1
BRDA:84,31,0,1
BRF:32
BRH:29
end_of_record
TN:
SF:VivahGo/src/constants.js
FNF:0
FNH:0
DA:1,1
DA:2,1
DA:3,1
DA:4,1
DA:5,1
DA:6,1
DA:7,1
DA:8,1
DA:9,1
DA:10,1
DA:11,1
DA:12,1
DA:13,1
DA:14,1
DA:15,1
DA:16,1
DA:17,1
DA:18,1
DA:19,1
DA:20,1
DA:21,1
DA:22,1
DA:23,1
DA:24,1
DA:25,1
DA:26,1
DA:27,1
DA:28,1
DA:29,1
DA:30,1
DA:31,1
DA:32,1
DA:33,1
DA:34,1
DA:35,1
DA:36,1
DA:37,1
DA:38,1
DA:39,1
DA:40,1
DA:41,1
DA:42,1
DA:43,1
DA:44,1
DA:45,1
DA:46,1
DA:47,1
DA:48,1
DA:49,1
LF:49
LH:49
BRDA:1,0,0,1
BRF:1
BRH:1
end_of_record
TN:
SF:VivahGo/src/data.js
FNF:0
FNH:0
DA:1,1
DA:2,1
DA:3,1
DA:4,1
DA:5,1
DA:6,1
DA:7,1
DA:8,1
DA:9,1
DA:10,1
DA:11,1
DA:12,1
DA:13,1
DA:14,1
DA:15,1
DA:16,1
DA:17,1
DA:18,1
DA:19,1
DA:20,1
DA:21,1
DA:22,1
DA:23,1
DA:24,1
DA:25,1
DA:26,1
DA:27,1
DA:28,1
DA:29,1
DA:30,1
DA:31,1
DA:32,1
DA:33,1
DA:34,1
DA:35,1
DA:36,1
DA:37,1
DA:38,1
DA:39,1
DA:40,1
DA:41,1
DA:42,1
DA:43,1
DA:44,1
DA:45,1
DA:46,1
DA:47,1
DA:48,1
DA:49,1
DA:50,1
DA:51,1
DA:52,1
DA:53,1
DA:54,1
DA:55,1
DA:56,1
DA:57,1
DA:58,1
DA:59,1
DA:60,1
DA:61,1
DA:62,1
DA:63,1
DA:64,1
DA:65,1
DA:66,1
DA:67,1
DA:68,1
DA:69,1
DA:70,1
DA:71,1
DA:72,1
DA:73,1
DA:74,1
DA:75,1
DA:76,1
DA:77,1
DA:78,1
DA:79,1
DA:80,1
DA:81,1
DA:82,1
DA:83,1
DA:84,1
DA:85,1
DA:86,1
DA:87,1
DA:88,1
DA:89,1
DA:90,1
DA:91,1
DA:92,1
DA:93,1
DA:94,1
DA:95,1
DA:96,1
DA:97,1
DA:98,1
DA:99,1
DA:100,1
DA:101,1
DA:102,1
DA:103,1
DA:104,1
DA:105,1
DA:106,1
DA:107,1
DA:108,1
DA:109,1
DA:110,1
DA:111,1
DA:112,1
DA:113,1
DA:114,1
DA:115,1
DA:116,1
DA:117,1
DA:118,1
DA:119,1
DA:120,1
DA:121,1
DA:122,1
DA:123,1
DA:124,1
DA:125,1
DA:126,1
DA:127,1
DA:128,1
DA:129,1
DA:130,1
DA:131,1
DA:132,1
LF:132
LH:132
BRDA:1,0,0,1
BRF:1
BRH:1
end_of_record
TN:
SF:VivahGo/src/plannerDefaults.js
FN:13,generatePlanId
FN:65,normalizeExpense
FN:83,normalizeTask
FN:111,cloneCollection
FN:115,hasValidPlanId
FN:119,normalizePlanScopedItems
FN:139,createTemplateEvents
FN:156,createTemplateTasks
FN:170,createTemplateVendors
FN:183,createTemplatePlanCollections
FN:193,createDemoEvents
FN:206,createBlankMarriagePlan
FN:222,createDemoMarriagePlan
FN:238,createBlankPlanner
FN:253,createDemoPlanner
FN:277,normalizePlanner
FN:350,hasWeddingProfile
FNF:17
FNH:13
FNDA:9,generatePlanId
FNDA:8,normalizeExpense
FNDA:51,normalizeTask
FNDA:10,cloneCollection
FNDA:7,hasValidPlanId
FNDA:10,normalizePlanScopedItems
FNDA:0,createTemplateEvents
FNDA:0,createTemplateTasks
FNDA:0,createTemplateVendors
FNDA:0,createTemplatePlanCollections
FNDA:2,createDemoEvents
FNDA:6,createBlankMarriagePlan
FNDA:2,createDemoMarriagePlan
FNDA:6,createBlankPlanner
FNDA:2,createDemoPlanner
FNDA:4,normalizePlanner
FNDA:5,hasWeddingProfile
DA:1,5
DA:2,5
DA:3,5
DA:4,5
DA:5,5
DA:6,5
DA:7,5
DA:8,5
DA:9,5
DA:10,5
DA:11,5
DA:12,5
DA:13,5
DA:14,9
DA:15,9
DA:16,5
DA:17,5
DA:18,5
DA:19,5
DA:20,5
DA:21,5
DA:22,5
DA:23,5
DA:24,5
DA:25,5
DA:26,5
DA:27,5
DA:28,5
DA:29,5
DA:30,5
DA:31,5
DA:32,5
DA:33,5
DA:34,5
DA:35,5
DA:36,5
DA:37,5
DA:38,5
DA:39,5
DA:40,5
DA:41,5
DA:42,5
DA:43,5
DA:44,5
DA:45,5
DA:46,5
DA:47,5
DA:48,5
DA:49,5
DA:50,5
DA:51,5
DA:52,5
DA:53,5
DA:54,5
DA:55,5
DA:56,5
DA:57,5
DA:58,5
DA:59,5
DA:60,5
DA:61,5
DA:62,5
DA:63,5
DA:64,5
DA:65,8
DA:66,8
DA:67,0
DA:68,0
DA:69,8
DA:70,8
DA:71,8
DA:72,8
DA:73,8
DA:74,8
DA:75,8
DA:76,8
DA:77,8
DA:78,8
DA:79,8
DA:80,8
DA:81,8
DA:82,5
DA:83,51
DA:84,51
DA:85,0
DA:86,0
DA:87,0
DA:88,0
DA:89,0
DA:90,0
DA:91,0
DA:92,0
DA:93,0
DA:94,0
DA:95,0
DA:96,0
DA:97,51
DA:98,51
DA:99,51
DA:100,51
DA:101,51
DA:102,51
DA:103,51
DA:104,51
DA:105,51
DA:106,51
DA:107,51
DA:108,51
DA:109,51
DA:110,5
DA:111,10
DA:112,10
DA:113,10
DA:114,5
DA:115,7
DA:116,7
DA:117,7
DA:118,5
DA:119,10
DA:120,10
DA:121,5
DA:122,5
DA:123,5
DA:124,5
DA:125,5
DA:126,5
DA:127,7
DA:128,1
DA:129,1
DA:130,6
DA:131,6
DA:132,6
DA:133,6
DA:134,6
DA:135,6
DA:136,5
DA:137,10
DA:138,5
DA:139,0
DA:140,0
DA:141,0
DA:142,0
DA:143,0
DA:144,0
DA:145,0
DA:146,0
DA:147,0
DA:148,0
DA:149,0
DA:150,0
DA:151,0
DA:152,0
DA:153,0
DA:154,0
DA:155,5
DA:156,0
DA:157,0
DA:158,0
DA:159,0
DA:160,0
DA:161,0
DA:162,0
DA:163,0
DA:164,0
DA:165,0
DA:166,0
DA:167,0
DA:168,0
DA:169,5
DA:170,0
DA:171,0
DA:172,0
DA:173,0
DA:174,0
DA:175,0
DA:176,0
DA:177,0
DA:178,0
DA:179,0
DA:180,0
DA:181,0
DA:182,5
DA:183,5
DA:184,0
DA:185,0
DA:186,0
DA:187,0
DA:188,0
DA:189,0
DA:190,0
DA:191,0
DA:192,5
DA:193,2
DA:194,2
DA:195,30
DA:196,30
DA:197,30
DA:198,30
DA:199,30
DA:200,30
DA:201,30
DA:202,2
DA:203,2
DA:204,5
DA:205,5
DA:206,5
DA:207,6
DA:208,6
DA:209,6
DA:210,6
DA:211,6
DA:212,6
DA:213,6
DA:214,6
DA:215,6
DA:216,6
DA:217,6
DA:218,6
DA:219,6
DA:220,5
DA:221,5
DA:222,5
DA:223,2
DA:224,2
DA:225,2
DA:226,2
DA:227,2
DA:228,2
DA:229,2
DA:230,2
DA:231,2
DA:232,2
DA:233,2
DA:234,2
DA:235,2
DA:236,5
DA:237,5
DA:238,5
DA:239,6
DA:240,6
DA:241,6
DA:242,6
DA:243,6
DA:244,6
DA:245,6
DA:246,6
DA:247,6
DA:248,6
DA:249,6
DA:250,6
DA:251,5
DA:252,5
DA:253,5
DA:254,2
DA:255,2
DA:256,2
DA:257,2
DA:258,2
DA:259,2
DA:260,2
DA:261,2
DA:262,2
DA:263,2
DA:264,2
DA:265,2
DA:266,2
DA:267,2
DA:268,2
DA:269,2
DA:270,2
DA:271,2
DA:272,2
DA:273,2
DA:274,2
DA:275,5
DA:276,5
DA:277,5
DA:278,4
DA:279,4
DA:280,4
DA:281,2
DA:282,2
DA:283,2
DA:284,2
DA:285,4
DA:286,4
DA:287,4
DA:288,4
DA:289,4
DA:290,1
DA:291,1
DA:292,1
DA:293,1
DA:294,1
DA:295,1
DA:296,1
DA:297,1
DA:298,1
DA:299,1
DA:300,1
DA:301,1
DA:302,1
DA:303,1
DA:304,2
DA:305,2
DA:306,4
DA:307,0
DA:308,0
DA:309,0
DA:310,2
DA:311,2
DA:312,4
DA:313,0
DA:314,0
DA:315,2
DA:316,2
DA:317,2
DA:318,2
DA:319,4
DA:320,4
DA:321,4
DA:322,4
DA:323,4
DA:324,4
DA:325,4
DA:326,4
DA:327,4
DA:328,4
DA:329,4
DA:330,4
DA:331,4
DA:332,4
DA:333,4
DA:334,4
DA:335,4
DA:336,4
DA:337,4
DA:338,4
DA:339,4
DA:340,4
DA:341,4
DA:342,4
DA:343,4
DA:344,4
DA:345,4
DA:346,4
DA:347,4
DA:348,4
DA:349,5
DA:350,5
DA:351,5
DA:352,5
DA:353,5
DA:354,5
LF:354
LH:286
BRDA:1,0,0,5
BRDA:13,1,0,9
BRDA:65,2,0,8
BRDA:66,3,0,0
BRDA:71,4,0,2
BRDA:72,5,0,1
BRDA:73,6,0,1
BRDA:74,7,0,2
BRDA:75,8,0,2
BRDA:76,9,0,1
BRDA:76,10,0,0
BRDA:77,11,0,0
BRDA:78,12,0,2
BRDA:79,13,0,6
BRDA:83,14,0,51
BRDA:84,15,0,0
BRDA:99,16,0,1
BRDA:100,17,0,0
BRDA:102,18,0,1
BRDA:103,19,0,1
BRDA:104,20,0,1
BRDA:105,21,0,1
BRDA:106,22,0,1
BRDA:107,23,0,50
BRDA:111,24,0,10
BRDA:112,25,0,108
BRDA:115,26,0,7
BRDA:116,27,0,1
BRDA:119,28,0,10
BRDA:120,29,0,5
BRDA:125,30,0,9
BRDA:125,31,0,7
BRDA:126,32,0,7
BRDA:127,33,0,6
BRDA:127,34,0,1
BRDA:193,35,0,2
BRDA:194,36,0,30
BRDA:197,37,0,18
BRDA:198,38,0,18
BRDA:199,39,0,18
BRDA:200,40,0,4
BRDA:200,41,0,26
BRDA:201,42,0,2
BRDA:201,43,0,28
BRDA:206,44,0,6
BRDA:207,45,0,0
BRDA:222,46,0,2
BRDA:238,47,0,6
BRDA:253,48,0,2
BRDA:269,49,0,6
BRDA:270,50,0,10
BRDA:271,51,0,12
BRDA:272,52,0,50
BRDA:277,53,0,4
BRDA:280,54,0,3
BRDA:280,55,0,2
BRDA:285,56,0,1
BRDA:285,57,0,1
BRDA:289,58,0,1
BRDA:289,59,0,1
BRDA:289,60,0,1
BRDA:293,61,0,0
BRDA:304,62,0,2
BRDA:306,63,0,0
BRDA:310,64,0,2
BRDA:312,65,0,0
BRDA:315,66,0,2
BRDA:319,67,0,0
BRDA:322,68,0,0
BRDA:323,69,0,1
BRDA:324,70,0,2
BRDA:325,71,0,2
BRDA:326,72,0,2
BRDA:327,73,0,2
BRDA:312,74,0,3
BRDA:316,75,0,3
BRDA:319,76,0,3
BRDA:332,77,0,2
BRDA:336,78,0,1
BRDA:350,79,0,5
BRDA:352,80,0,4
BRDA:352,81,0,2
BRDA:352,82,0,2
BRDA:352,83,0,2
BRDA:352,84,0,2
BRDA:352,85,0,2
BRF:86
BRH:75
end_of_record
TN:
SF:VivahGo/src/utils.js
FN:1,daysUntil
FN:10,fmt
FN:15,initials
FN:19,formatVendorPriceTier
FN:24,formatVendorGuestRange
FN:35,getVendorQuickFacts
FN:40,validateOnboardingAnswer
FNF:7
FNH:7
FNDA:4,daysUntil
FNDA:4,fmt
FNDA:3,initials
FNDA:3,formatVendorPriceTier
FNDA:4,formatVendorGuestRange
FNDA:2,getVendorQuickFacts
FNDA:16,validateOnboardingAnswer
DA:1,4
DA:2,4
DA:3,3
DA:4,4
DA:5,2
DA:6,2
DA:7,2
DA:8,4
DA:9,4
DA:10,4
DA:11,4
DA:12,2
DA:13,4
DA:14,4
DA:15,4
DA:16,3
DA:17,3
DA:18,4
DA:19,4
DA:20,3
DA:21,3
DA:22,3
DA:23,4
DA:24,4
DA:25,4
DA:26,4
DA:27,4
DA:28,4
DA:29,2
DA:30,2
DA:31,2
DA:32,2
DA:33,4
DA:34,4
DA:35,4
DA:36,2
DA:37,2
DA:38,4
DA:39,4
DA:40,4
DA:41,16
DA:42,16
DA:43,16
DA:44,16
DA:45,16
DA:46,16
DA:47,3
DA:48,1
DA:49,1
DA:50,3
DA:51,1
DA:52,1
DA:53,1
DA:54,1
DA:55,16
DA:56,16
DA:57,4
DA:58,1
DA:59,1
DA:60,3
DA:61,3
DA:62,4
DA:63,1
DA:64,1
DA:65,2
DA:66,2
DA:67,4
DA:68,1
DA:69,1
DA:70,1
DA:71,1
DA:72,16
DA:73,16
DA:74,4
DA:75,1
DA:76,1
DA:77,3
DA:78,4
DA:79,1
DA:80,1
DA:81,4
DA:82,1
DA:83,1
DA:84,1
DA:85,1
DA:86,16
DA:87,16
DA:88,4
DA:89,1
DA:90,1
DA:91,3
DA:92,3
DA:93,3
DA:94,4
DA:95,1
DA:96,1
DA:97,4
DA:98,1
DA:99,1
DA:100,1
DA:101,1
DA:102,16
DA:103,16
DA:104,1
DA:105,16
DA:106,16
LF:106
LH:106
BRDA:1,0,0,4
BRDA:1,1,0,4
BRDA:2,2,0,1
BRDA:3,3,0,3
BRDA:4,4,0,1
BRDA:5,5,0,2
BRDA:10,6,0,4
BRDA:11,7,0,2
BRDA:15,8,0,3
BRDA:16,9,0,6
BRDA:19,10,0,3
BRDA:20,11,0,1
BRDA:24,12,0,4
BRDA:25,13,0,3
BRDA:26,14,0,3
BRDA:28,15,0,2
BRDA:28,16,0,2
BRDA:35,17,0,2
BRDA:40,18,0,16
BRDA:44,19,0,3
BRDA:45,20,0,3
BRDA:46,21,0,3
BRDA:47,22,0,1
BRDA:50,23,0,2
BRDA:50,24,0,1
BRDA:56,25,0,4
BRDA:57,26,0,1
BRDA:60,27,0,3
BRDA:62,28,0,1
BRDA:65,29,0,2
BRDA:67,30,0,1
BRDA:73,31,0,4
BRDA:74,32,0,1
BRDA:77,33,0,3
BRDA:78,34,0,1
BRDA:81,35,0,2
BRDA:81,36,0,1
BRDA:87,37,0,4
BRDA:88,38,0,1
BRDA:91,39,0,3
BRDA:94,40,0,2
BRDA:94,41,0,1
BRDA:97,42,0,2
BRDA:97,43,0,1
BRDA:103,44,0,1
BRF:45
BRH:45
end_of_record
TN:
SF:VivahGo/src/hooks/useBackButtonClose.js
FN:9,useBackButtonClose
FN:29,onPopState
FNF:2
FNH:2
FNDA:3,useBackButtonClose
FNDA:2,onPopState
DA:1,2
DA:2,2
DA:3,2
DA:4,2
DA:5,2
DA:6,2
DA:7,2
DA:8,2
DA:9,2
DA:10,3
DA:11,3
DA:12,3
DA:13,3
DA:14,3
DA:15,3
DA:16,3
DA:17,3
DA:18,2
DA:19,2
DA:20,2
DA:21,2
DA:22,2
DA:23,2
DA:24,2
DA:25,2
DA:26,2
DA:27,2
DA:28,2
DA:29,2
DA:30,2
DA:31,2
DA:32,2
DA:33,2
DA:34,2
DA:35,2
DA:36,2
DA:37,2
DA:38,1
DA:39,1
DA:40,2
DA:41,3
DA:42,3
LF:42
LH:42
BRDA:1,0,0,2
BRDA:9,1,0,3
BRDA:13,2,0,3
BRDA:17,3,0,2
BRDA:18,4,0,0
BRDA:19,5,0,0
BRDA:29,6,0,2
BRDA:30,7,0,0
BRDA:37,8,0,1
BRF:9
BRH:6
end_of_record
TN:
SF:VivahGo/src/hooks/useSwipeDown.js
FN:9,useSwipeDown
FN:33,resetGestureStyles
FN:38,onTouchStart
FN:46,onTouchMove
FN:58,onDocumentTouchMoveCapture
FN:64,onTouchEnd
FN:75,onTouchCancel
FN:82,shouldIgnoreMouseTarget
FN:86,onMouseDown
FN:97,onMouseMove
FN:110,onMouseUp
FNF:11
FNH:9
FNDA:3,useSwipeDown
FNDA:3,resetGestureStyles
FNDA:2,onTouchStart
FNDA:2,onTouchMove
FNDA:0,onDocumentTouchMoveCapture
FNDA:2,onTouchEnd
FNDA:0,onTouchCancel
FNDA:2,shouldIgnoreMouseTarget
FNDA:2,onMouseDown
FNDA:2,onMouseMove
FNDA:2,onMouseUp
DA:1,3
DA:2,3
DA:3,3
DA:4,3
DA:5,3
DA:6,3
DA:7,3
DA:8,3
DA:9,3
DA:10,3
DA:11,3
DA:12,3
DA:13,3
DA:14,3
DA:15,3
DA:16,3
DA:17,3
DA:18,3
DA:19,3
DA:20,3
DA:21,3
DA:22,3
DA:23,3
DA:24,3
DA:25,3
DA:26,3
DA:27,3
DA:28,3
DA:29,3
DA:30,3
DA:31,3
DA:32,3
DA:33,3
DA:34,3
DA:35,3
DA:36,3
DA:37,3
DA:38,3
DA:39,2
DA:40,2
DA:41,2
DA:42,2
DA:43,2
DA:44,2
DA:45,3
DA:46,3
DA:47,2
DA:48,2
DA:49,2
DA:50,2
DA:51,2
DA:52,2
DA:53,0
DA:54,0
DA:55,0
DA:56,2
DA:57,3
DA:58,3
DA:59,0
DA:60,0
DA:61,0
DA:62,0
DA:63,3
DA:64,3
DA:65,2
DA:66,2
DA:67,2
DA:68,2
DA:69,2
DA:70,2
DA:71,2
DA:72,2
DA:73,2
DA:74,3
DA:75,3
DA:76,0
DA:77,0
DA:78,0
DA:79,0
DA:80,0
DA:81,3
DA:82,3
DA:83,2
DA:84,2
DA:85,3
DA:86,3
DA:87,2
DA:88,2
DA:89,2
DA:90,1
DA:91,1
DA:92,1
DA:93,1
DA:94,1
DA:95,2
DA:96,3
DA:97,3
DA:98,2
DA:99,1
DA:100,1
DA:101,1
DA:102,1
DA:103,2
DA:104,0
DA:105,0
DA:106,0
DA:107,0
DA:108,2
DA:109,3
DA:110,3
DA:111,2
DA:112,1
DA:113,1
DA:114,1
DA:115,1
DA:116,1
DA:117,2
DA:118,1
DA:119,1
DA:120,2
DA:121,3
DA:122,3
DA:123,3
DA:124,3
DA:125,3
DA:126,3
DA:127,3
DA:128,3
DA:129,3
DA:130,3
DA:131,3
DA:132,3
DA:133,3
DA:134,3
DA:135,3
DA:136,3
DA:137,3
DA:138,3
DA:139,3
DA:140,3
DA:141,3
DA:142,3
DA:143,3
DA:144,3
DA:145,3
DA:146,3
DA:147,3
DA:148,3
DA:149,3
DA:150,3
DA:151,3
DA:152,3
LF:152
LH:136
BRDA:1,0,0,3
BRDA:9,1,0,3
BRDA:16,2,0,3
BRDA:20,3,0,3
BRDA:22,4,0,0
BRDA:33,5,0,3
BRDA:38,6,0,2
BRDA:39,7,0,0
BRDA:46,8,0,2
BRDA:47,9,0,0
BRDA:52,10,0,0
BRDA:64,11,0,2
BRDA:65,12,0,0
BRDA:70,13,0,1
BRDA:70,14,0,0
BRDA:70,15,0,1
BRDA:82,16,0,2
BRDA:86,17,0,2
BRDA:87,18,0,0
BRDA:88,19,0,1
BRDA:89,20,0,0
BRDA:90,21,0,1
BRDA:97,22,0,2
BRDA:98,23,0,1
BRDA:98,24,0,1
BRDA:103,25,0,0
BRDA:110,26,0,2
BRDA:111,27,0,1
BRDA:111,28,0,1
BRDA:117,29,0,0
BRDA:117,30,0,1
BRDA:131,31,0,3
BRDA:147,32,0,6
BRF:33
BRH:23
end_of_record
TN:
SF:api/feedback.js
FN:3,getString
FN:12,handler
FNF:2
FNH:2
FNDA:25,getString
FNDA:8,handler
DA:1,1
DA:2,1
DA:3,25
DA:4,25
DA:5,16
DA:6,16
DA:7,9
DA:8,9
DA:9,25
DA:10,25
DA:11,1
DA:12,1
DA:13,8
DA:14,1
DA:15,1
DA:16,7
DA:17,7
DA:18,7
DA:19,8
DA:20,1
DA:21,1
DA:22,1
DA:23,1
DA:24,6
DA:25,6
DA:26,6
DA:27,6
DA:28,8
DA:29,1
DA:30,1
DA:31,1
DA:32,5
DA:33,8
DA:34,8
DA:35,8
DA:36,8
DA:37,1
DA:38,1
DA:39,1
DA:40,4
DA:41,4
DA:42,4
DA:43,4
DA:44,4
DA:45,4
DA:46,4
DA:47,8
DA:48,8
DA:49,8
DA:50,8
DA:51,8
DA:52,8
DA:53,8
DA:54,8
DA:55,8
DA:56,8
DA:57,8
DA:58,8
DA:59,3
DA:60,8
DA:61,1
DA:62,1
DA:63,2
DA:64,2
DA:65,2
DA:66,2
DA:67,2
DA:68,2
DA:69,1
LF:69
LH:69
BRDA:1,0,0,1
BRDA:3,1,0,25
BRDA:4,2,0,16
BRDA:7,3,0,9
BRDA:9,4,0,1
BRDA:12,5,0,8
BRDA:13,6,0,1
BRDA:16,7,0,7
BRDA:19,8,0,1
BRDA:24,9,0,6
BRDA:28,10,0,5
BRDA:28,11,0,1
BRDA:32,12,0,5
BRDA:33,13,0,5
BRDA:33,14,0,0
BRDA:36,15,0,1
BRDA:40,16,0,4
BRDA:47,17,0,2
BRDA:59,18,0,3
BRDA:60,19,0,1
BRDA:63,20,0,2
BRF:21
BRH:20
end_of_record
TN:
SF:api/health.js
FN:3,handler
FNF:1
FNH:1
FNDA:2,handler
DA:1,1
DA:2,1
DA:3,1
DA:4,2
DA:5,1
DA:6,1
DA:7,1
DA:8,1
DA:9,1
DA:10,1
LF:10
LH:10
BRDA:1,0,0,1
BRDA:3,1,0,2
BRDA:4,2,0,1
BRF:3
BRH:3
end_of_record
TN:
SF:api/_lib/core.js
FN:15,getClientOrigins
FN:23,setCorsHeaders
FN:39,handlePreflight
FN:48,connectDb
FN:62,getUserModel
FN:76,getPlannerModel
FN:91,default
FN:100,default
FN:113,buildEmptyPlanner
FN:139,isRecord
FN:143,sanitizeCollection
FN:150,sanitizeMarriages
FN:171,sanitizePlanScopedCollection
FN:185,sanitizePlanner
FN:223,createSessionToken
FN:236,readBearerToken
FN:244,verifySession
FNF:17
FNH:15
FNDA:28,getClientOrigins
FNDA:28,setCorsHeaders
FNDA:26,handlePreflight
FNDA:7,connectDb
FNDA:7,getUserModel
FNDA:11,getPlannerModel
FNDA:0,default
FNDA:0,default
FNDA:6,buildEmptyPlanner
FNDA:21,isRecord
FNDA:35,sanitizeCollection
FNDA:7,sanitizeMarriages
FNDA:35,sanitizePlanScopedCollection
FNDA:7,sanitizePlanner
FNDA:2,createSessionToken
FNDA:8,readBearerToken
FNDA:8,verifySession
DA:1,1
DA:2,1
DA:3,1
DA:4,1
DA:5,1
DA:6,1
DA:7,1
DA:8,1
DA:9,1
DA:10,1
DA:11,1
DA:12,1
DA:13,1
DA:14,1
DA:15,28
DA:16,28
DA:17,26
DA:18,26
DA:19,2
DA:20,2
DA:21,28
DA:22,1
DA:23,28
DA:24,28
DA:25,28
DA:26,28
DA:27,28
DA:28,28
DA:29,26
DA:30,28
DA:31,1
DA:32,1
DA:33,1
DA:34,28
DA:35,28
DA:36,28
DA:37,28
DA:38,1
DA:39,26
DA:40,26
DA:41,5
DA:42,5
DA:43,5
DA:44,5
DA:45,21
DA:46,26
DA:47,1
DA:48,7
DA:49,7
DA:50,5
DA:51,5
DA:52,2
DA:53,2
DA:54,7
DA:55,1
DA:56,1
DA:57,1
DA:58,1
DA:59,1
DA:60,7
DA:61,1
DA:62,7
DA:63,7
DA:64,7
DA:65,7
DA:66,7
DA:67,7
DA:68,7
DA:69,7
DA:70,7
DA:71,7
DA:72,7
DA:73,7
DA:74,7
DA:75,1
DA:76,11
DA:77,11
DA:78,11
DA:79,11
DA:80,11
DA:81,11
DA:82,11
DA:83,11
DA:84,11
DA:85,11
DA:86,11
DA:87,11
DA:88,11
DA:89,11
DA:90,11
DA:91,11
DA:92,11
DA:93,11
DA:94,11
DA:95,11
DA:96,11
DA:97,11
DA:98,11
DA:99,11
DA:100,11
DA:101,11
DA:102,11
DA:103,11
DA:104,11
DA:105,11
DA:106,11
DA:107,11
DA:108,11
DA:109,11
DA:110,11
DA:111,11
DA:112,1
DA:113,6
DA:114,6
DA:115,6
DA:116,6
DA:117,6
DA:118,6
DA:119,6
DA:120,6
DA:121,6
DA:122,6
DA:123,6
DA:124,6
DA:125,6
DA:126,6
DA:127,6
DA:128,6
DA:129,6
DA:130,6
DA:131,6
DA:132,6
DA:133,6
DA:134,6
DA:135,6
DA:136,6
DA:137,6
DA:138,1
DA:139,21
DA:140,21
DA:141,21
DA:142,1
DA:143,35
DA:144,35
DA:145,10
DA:146,10
DA:147,25
DA:148,35
DA:149,1
DA:150,7
DA:151,7
DA:152,6
DA:153,6
DA:154,1
DA:155,1
DA:156,1
DA:157,1
DA:158,2
DA:159,2
DA:160,2
DA:161,2
DA:162,2
DA:163,2
DA:164,2
DA:165,2
DA:166,2
DA:167,1
DA:168,1
DA:169,7
DA:170,1
DA:171,35
DA:172,35
DA:173,7
DA:174,1
DA:175,1
DA:176,6
DA:177,6
DA:178,6
DA:179,6
DA:180,6
DA:181,6
DA:182,35
DA:183,35
DA:184,1
DA:185,7
DA:186,7
DA:187,7
DA:188,7
DA:189,7
DA:190,6
DA:191,6
DA:192,6
DA:193,6
DA:194,6
DA:195,6
DA:196,6
DA:197,6
DA:198,6
DA:199,6
DA:200,6
DA:201,6
DA:202,7
DA:203,7
DA:204,7
DA:205,7
DA:206,7
DA:207,7
DA:208,7
DA:209,7
DA:210,7
DA:211,7
DA:212,7
DA:213,7
DA:214,7
DA:215,7
DA:216,7
DA:217,7
DA:218,7
DA:219,7
DA:220,7
DA:221,7
DA:222,1
DA:223,2
DA:224,2
DA:225,2
DA:226,2
DA:227,2
DA:228,2
DA:229,2
DA:230,2
DA:231,2
DA:232,2
DA:233,2
DA:234,2
DA:235,1
DA:236,8
DA:237,8
DA:238,8
DA:239,2
DA:240,2
DA:241,6
DA:242,8
DA:243,1
DA:244,8
DA:245,8
DA:246,8
DA:247,2
DA:248,2
DA:249,6
DA:250,6
DA:251,8
DA:252,8
DA:253,8
DA:254,2
DA:255,2
DA:256,8
DA:257,1
DA:258,1
DA:259,1
DA:260,1
DA:261,1
DA:262,1
DA:263,1
DA:264,1
DA:265,1
DA:266,1
DA:267,1
DA:268,1
LF:268
LH:268
BRDA:1,0,0,1
BRDA:15,1,0,28
BRDA:16,2,0,26
BRDA:19,3,0,2
BRDA:20,4,0,3
BRDA:23,5,0,28
BRDA:28,6,0,26
BRDA:30,7,0,2
BRDA:30,8,0,1
BRDA:39,9,0,26
BRDA:40,10,0,5
BRDA:45,11,0,21
BRDA:48,12,0,7
BRDA:49,13,0,5
BRDA:52,14,0,2
BRDA:54,15,0,1
BRDA:62,16,0,7
BRDA:73,17,0,1
BRDA:76,18,0,11
BRDA:110,19,0,1
BRDA:113,20,0,6
BRDA:139,21,0,21
BRDA:140,22,0,17
BRDA:140,23,0,15
BRDA:143,24,0,35
BRDA:144,25,0,10
BRDA:147,26,0,25
BRDA:150,27,0,7
BRDA:151,28,0,6
BRDA:154,29,0,1
BRDA:157,30,0,2
BRDA:158,31,0,0
BRDA:159,32,0,0
BRDA:160,33,0,0
BRDA:168,34,0,2
BRDA:171,35,0,35
BRDA:172,36,0,7
BRDA:173,37,0,1
BRDA:173,38,0,1
BRDA:176,39,0,6
BRDA:185,40,0,7
BRDA:189,41,0,6
BRDA:204,42,0,1
BRDA:205,43,0,1
BRDA:206,44,0,6
BRDA:208,45,0,5
BRDA:209,46,0,2
BRDA:203,47,0,8
BRDA:223,48,0,2
BRDA:224,49,0,0
BRDA:236,50,0,8
BRDA:237,51,0,2
BRDA:238,52,0,2
BRDA:241,53,0,6
BRDA:244,54,0,8
BRDA:246,55,0,2
BRDA:249,56,0,6
BRDA:251,57,0,5
BRDA:253,58,0,2
BRF:59
BRH:55
end_of_record
TN:
SF:api/auth/google.js
FN:14,handler
FNF:1
FNH:1
FNDA:7,handler
DA:1,1
DA:2,1
DA:3,1
DA:4,1
DA:5,1
DA:6,1
DA:7,1
DA:8,1
DA:9,1
DA:10,1
DA:11,1
DA:12,1
DA:13,1
DA:14,1
DA:15,7
DA:16,1
DA:17,1
DA:18,6
DA:19,6
DA:20,6
DA:21,7
DA:22,1
DA:23,1
DA:24,1
DA:25,5
DA:26,5
DA:27,7
DA:28,1
DA:29,1
DA:30,4
DA:31,4
DA:32,7
DA:33,7
DA:34,7
DA:35,1
DA:36,1
DA:37,3
DA:38,3
DA:39,3
DA:40,3
DA:41,3
DA:42,3
DA:43,3
DA:44,3
DA:45,3
DA:46,3
DA:47,2
DA:48,2
DA:49,7
DA:50,1
DA:51,1
DA:52,1
DA:53,1
DA:54,1
DA:55,1
DA:56,1
DA:57,1
DA:58,1
DA:59,1
DA:60,7
DA:61,7
DA:62,7
DA:63,7
DA:64,7
DA:65,1
DA:66,1
DA:67,1
DA:68,1
DA:69,1
DA:70,1
DA:71,1
DA:72,1
DA:73,1
DA:74,1
DA:75,1
DA:76,1
DA:77,1
DA:78,1
DA:79,1
DA:80,1
DA:81,1
DA:82,1
DA:83,1
DA:84,1
DA:85,1
DA:86,1
DA:87,1
DA:88,1
DA:89,1
DA:90,1
DA:91,1
LF:91
LH:91
BRDA:1,0,0,1
BRDA:14,1,0,7
BRDA:15,2,0,1
BRDA:18,3,0,6
BRDA:21,4,0,1
BRDA:25,5,0,5
BRDA:27,6,0,1
BRDA:30,7,0,4
BRDA:34,8,0,1
BRDA:37,9,0,3
BRDA:47,10,0,2
BRDA:49,11,0,2
BRDA:49,12,0,1
BRDA:49,13,0,1
BRDA:60,14,0,0
BRDA:65,15,0,1
BRF:16
BRH:15
end_of_record
TN:
SF:api/planner/me.js
FN:11,handler
FNF:1
FNH:1
FNDA:7,handler
DA:1,1
DA:2,1
DA:3,1
DA:4,1
DA:5,1
DA:6,1
DA:7,1
DA:8,1
DA:9,1
DA:10,1
DA:11,1
DA:12,7
DA:13,1
DA:14,1
DA:15,6
DA:16,6
DA:17,6
DA:18,7
DA:19,1
DA:20,1
DA:21,1
DA:22,5
DA:23,5
DA:24,7
DA:25,2
DA:26,2
DA:27,3
DA:28,3
DA:29,3
DA:30,3
DA:31,3
DA:32,3
DA:33,7
DA:34,2
DA:35,2
DA:36,2
DA:37,2
DA:38,2
DA:39,2
DA:40,2
DA:41,2
DA:42,2
DA:43,2
DA:44,1
DA:45,1
DA:46,1
DA:47,1
DA:48,7
DA:49,7
DA:50,7
DA:51,7
DA:52,7
DA:53,7
DA:54,7
DA:55,7
DA:56,7
DA:57,7
DA:58,1
DA:59,1
DA:60,1
DA:61,1
DA:62,1
DA:63,1
DA:64,1
LF:64
LH:64
BRDA:1,0,0,1
BRDA:11,1,0,7
BRDA:12,2,0,1
BRDA:15,3,0,6
BRDA:18,4,0,2
BRDA:18,5,0,1
BRDA:22,6,0,5
BRDA:24,7,0,2
BRDA:27,8,0,3
BRDA:33,9,0,2
BRDA:44,10,0,1
BRDA:47,11,0,1
BRDA:58,12,0,1
BRF:13
BRH:13
end_of_record
