TN:
SF:VivahGo/server/index.js
FN:34,normalizeEmail
FN:38,normalizeRole
FN:45,buildEmptyPlanner
FN:83,isRecord
FN:87,sanitizeCollection
FN:95,sanitizeCollaborators
FN:129,sanitizeMarriages
FN:151,sanitizePlanScopedCollection
FN:164,sanitizePlanner
FN:205,getPlanFromPlanner
FN:214,getCollaboratorRoleForPlan
FN:223,hasPlanRole
FN:232,createSessionToken
FN:244,getClientOrigins
FN:252,authMiddleware
FN:268,hasPlannerContent
FN:303,normalizePlannerOwnership
FN:316,findOwnerEmail
FN:323,resolvePlannerForSession
FN:391,listAccessiblePlanners
FN:441,createApp
FN:541,app.get.req.auth.plannerOwnerId
FN:573,app.put.req.auth.plannerOwnerId
FN:627,app.get.req.auth.plannerOwnerId
FN:654,app.post.plannerOwnerId
FN:724,app.put.plannerOwnerId
FN:791,app.delete.plannerOwnerId
FN:859,start
FNF:28
FNH:19
FNDA:23,normalizeEmail
FNDA:0,normalizeRole
FNDA:6,buildEmptyPlanner
FNDA:22,isRecord
FNDA:26,sanitizeCollection
FNDA:5,sanitizeCollaborators
FNDA:5,sanitizeMarriages
FNDA:25,sanitizePlanScopedCollection
FNDA:5,sanitizePlanner
FNDA:3,getPlanFromPlanner
FNDA:1,getCollaboratorRoleForPlan
FNDA:0,hasPlanRole
FNDA:2,createSessionToken
FNDA:14,getClientOrigins
FNDA:7,authMiddleware
FNDA:0,hasPlannerContent
FNDA:2,normalizePlannerOwnership
FNDA:2,findOwnerEmail
FNDA:4,resolvePlannerForSession
FNDA:0,listAccessiblePlanners
FNDA:12,createApp
FNDA:2,app.get.req.auth.plannerOwnerId
FNDA:2,app.put.req.auth.plannerOwnerId
FNDA:0,app.get.req.auth.plannerOwnerId
FNDA:0,app.post.plannerOwnerId
FNDA:0,app.put.plannerOwnerId
FNDA:0,app.delete.plannerOwnerId
FNDA:0,start
DA:1,7
DA:2,7
DA:3,7
DA:4,7
DA:5,7
DA:6,7
DA:7,7
DA:8,7
DA:9,7
DA:10,7
DA:11,7
DA:12,7
DA:13,7
DA:14,7
DA:15,7
DA:16,7
DA:17,7
DA:18,7
DA:19,7
DA:20,7
DA:21,7
DA:22,7
DA:23,7
DA:24,7
DA:25,7
DA:26,7
DA:27,7
DA:28,7
DA:29,7
DA:30,7
DA:31,7
DA:32,7
DA:33,7
DA:34,7
DA:35,23
DA:36,23
DA:37,7
DA:38,7
DA:39,0
DA:40,0
DA:41,0
DA:42,0
DA:43,0
DA:44,7
DA:45,7
DA:46,6
DA:47,6
DA:48,6
DA:49,6
DA:50,6
DA:51,6
DA:52,6
DA:53,6
DA:54,6
DA:55,6
DA:56,6
DA:57,6
DA:58,6
DA:59,6
DA:60,6
DA:61,6
DA:62,1
DA:63,1
DA:64,1
DA:65,1
DA:66,1
DA:67,1
DA:68,1
DA:69,6
DA:70,6
DA:71,6
DA:72,6
DA:73,6
DA:74,6
DA:75,6
DA:76,6
DA:77,6
DA:78,6
DA:79,6
DA:80,6
DA:81,6
DA:82,7
DA:83,7
DA:84,22
DA:85,22
DA:86,7
DA:87,7
DA:88,26
DA:89,7
DA:90,7
DA:91,19
DA:92,19
DA:93,26
DA:94,7
DA:95,5
DA:96,5
DA:97,5
DA:98,5
DA:99,5
DA:100,5
DA:101,5
DA:102,5
DA:103,0
DA:104,0
DA:105,0
DA:106,0
DA:107,0
DA:108,0
DA:109,0
DA:110,0
DA:111,0
DA:112,0
DA:113,0
DA:114,5
DA:115,5
DA:116,5
DA:117,5
DA:118,1
DA:119,1
DA:120,1
DA:121,1
DA:122,1
DA:123,1
DA:124,1
DA:125,5
DA:126,5
DA:127,5
DA:128,7
DA:129,5
DA:130,5
DA:131,5
DA:132,5
DA:133,0
DA:134,0
DA:135,0
DA:136,0
DA:137,0
DA:138,0
DA:139,0
DA:140,0
DA:141,0
DA:142,0
DA:143,0
DA:144,0
DA:145,0
DA:146,0
DA:147,0
DA:148,0
DA:149,5
DA:150,7
DA:151,25
DA:152,25
DA:153,5
DA:154,0
DA:155,0
DA:156,5
DA:157,5
DA:158,5
DA:159,5
DA:160,5
DA:161,25
DA:162,25
DA:163,7
DA:164,7
DA:165,5
DA:166,5
DA:167,5
DA:168,5
DA:169,5
DA:170,5
DA:171,5
DA:172,5
DA:173,5
DA:174,5
DA:175,5
DA:176,5
DA:177,5
DA:178,5
DA:179,5
DA:180,5
DA:181,5
DA:182,5
DA:183,5
DA:184,5
DA:185,5
DA:186,5
DA:187,5
DA:188,5
DA:189,5
DA:190,5
DA:191,5
DA:192,5
DA:193,5
DA:194,5
DA:195,5
DA:196,5
DA:197,5
DA:198,5
DA:199,5
DA:200,5
DA:201,5
DA:202,5
DA:203,5
DA:204,7
DA:205,7
DA:206,3
DA:207,2
DA:208,2
DA:209,1
DA:210,3
DA:211,3
DA:212,3
DA:213,7
DA:214,7
DA:215,1
DA:216,1
DA:217,1
DA:218,1
DA:219,0
DA:220,1
DA:221,1
DA:222,7
DA:223,7
DA:224,0
DA:225,0
DA:226,0
DA:227,0
DA:228,0
DA:229,0
DA:230,0
DA:231,7
DA:232,7
DA:233,2
DA:234,2
DA:235,2
DA:236,2
DA:237,2
DA:238,2
DA:239,2
DA:240,2
DA:241,2
DA:242,2
DA:243,7
DA:244,7
DA:245,14
DA:246,13
DA:247,13
DA:248,1
DA:249,1
DA:250,14
DA:251,7
DA:252,7
DA:253,7
DA:254,7
DA:255,7
DA:256,7
DA:257,1
DA:258,1
DA:259,6
DA:260,6
DA:261,6
DA:262,6
DA:263,7
DA:264,1
DA:265,1
DA:266,7
DA:267,7
DA:268,0
DA:269,0
DA:270,0
DA:271,0
DA:272,0
DA:273,0
DA:274,0
DA:275,0
DA:276,0
DA:277,0
DA:278,0
DA:279,0
DA:280,0
DA:281,0
DA:282,0
DA:283,0
DA:284,0
DA:285,0
DA:286,0
DA:287,0
DA:288,0
DA:289,0
DA:290,0
DA:291,0
DA:292,0
DA:293,0
DA:294,0
DA:295,0
DA:296,0
DA:297,0
DA:298,0
DA:299,0
DA:300,0
DA:301,0
DA:302,7
DA:303,2
DA:304,2
DA:305,2
DA:306,2
DA:307,0
DA:308,0
DA:309,0
DA:310,0
DA:311,0
DA:312,0
DA:313,0
DA:314,2
DA:315,7
DA:316,2
DA:317,2
DA:318,2
DA:319,2
DA:320,2
DA:321,2
DA:322,7
DA:323,4
DA:324,4
DA:325,4
DA:326,4
DA:327,4
DA:328,0
DA:329,0
DA:330,0
DA:331,0
DA:332,0
DA:333,0
DA:334,0
DA:335,0
DA:336,0
DA:337,4
DA:338,4
DA:339,4
DA:340,4
DA:341,4
DA:342,4
DA:343,4
DA:344,4
DA:345,4
DA:346,4
DA:347,4
DA:348,4
DA:349,4
DA:350,4
DA:351,4
DA:352,4
DA:353,4
DA:354,0
DA:355,0
DA:356,0
DA:357,0
DA:358,0
DA:359,0
DA:360,0
DA:361,4
DA:362,4
DA:363,4
DA:364,0
DA:365,0
DA:366,0
DA:367,0
DA:368,0
DA:369,0
DA:370,0
DA:371,0
DA:372,0
DA:373,0
DA:374,0
DA:375,0
DA:376,0
DA:377,0
DA:378,0
DA:379,0
DA:380,0
DA:381,0
DA:382,0
DA:383,0
DA:384,0
DA:385,0
DA:386,0
DA:387,0
DA:388,0
DA:389,4
DA:390,7
DA:391,0
DA:392,0
DA:393,0
DA:394,0
DA:395,0
DA:396,0
DA:397,0
DA:398,0
DA:399,0
DA:400,0
DA:401,0
DA:402,0
DA:403,0
DA:404,0
DA:405,0
DA:406,0
DA:407,0
DA:408,0
DA:409,0
DA:410,0
DA:411,0
DA:412,0
DA:413,0
DA:414,0
DA:415,0
DA:416,0
DA:417,0
DA:418,0
DA:419,0
DA:420,0
DA:421,0
DA:422,0
DA:423,0
DA:424,0
DA:425,0
DA:426,0
DA:427,0
DA:428,0
DA:429,0
DA:430,0
DA:431,0
DA:432,0
DA:433,0
DA:434,0
DA:435,0
DA:436,0
DA:437,0
DA:438,0
DA:439,0
DA:440,7
DA:441,7
DA:442,12
DA:443,12
DA:444,12
DA:445,12
DA:446,12
DA:447,12
DA:448,12
DA:449,12
DA:450,12
DA:451,12
DA:452,12
DA:453,12
DA:454,7
DA:455,12
DA:456,12
DA:457,12
DA:458,12
DA:459,12
DA:460,12
DA:461,12
DA:462,12
DA:463,12
DA:464,12
DA:465,12
DA:466,12
DA:467,0
DA:468,12
DA:469,12
DA:470,12
DA:471,4
DA:472,1
DA:473,1
DA:474,3
DA:475,4
DA:476,4
DA:477,4
DA:478,0
DA:479,0
DA:480,3
DA:481,3
DA:482,3
DA:483,3
DA:484,3
DA:485,3
DA:486,2
DA:487,2
DA:488,4
DA:489,1
DA:490,1
DA:491,1
DA:492,1
DA:493,1
DA:494,1
DA:495,1
DA:496,1
DA:497,1
DA:498,1
DA:499,4
DA:500,4
DA:501,4
DA:502,4
DA:503,4
DA:504,4
DA:505,4
DA:506,4
DA:507,4
DA:508,1
DA:509,1
DA:510,1
DA:511,1
DA:512,1
DA:513,1
DA:514,1
DA:515,1
DA:516,1
DA:517,1
DA:518,1
DA:519,1
DA:520,1
DA:521,1
DA:522,1
DA:523,1
DA:524,1
DA:525,1
DA:526,1
DA:527,1
DA:528,1
DA:529,1
DA:530,1
DA:531,1
DA:532,1
DA:533,1
DA:534,1
DA:535,1
DA:536,1
DA:537,1
DA:538,1
DA:539,12
DA:540,12
DA:541,12
DA:542,2
DA:543,2
DA:544,2
DA:545,2
DA:546,0
DA:547,0
DA:548,1
DA:549,2
DA:550,2
DA:551,2
DA:552,2
DA:553,2
DA:554,2
DA:555,0
DA:556,0
DA:557,1
DA:558,1
DA:559,2
DA:560,2
DA:561,2
DA:562,2
DA:563,2
DA:564,2
DA:565,2
DA:566,2
DA:567,2
DA:568,1
DA:569,1
DA:570,1
DA:571,12
DA:572,12
DA:573,12
DA:574,2
DA:575,2
DA:576,2
DA:577,2
DA:578,0
DA:579,0
DA:580,1
DA:581,2
DA:582,2
DA:583,2
DA:584,2
DA:585,2
DA:586,2
DA:587,2
DA:588,2
DA:589,2
DA:590,0
DA:591,0
DA:592,1
DA:593,1
DA:594,2
DA:595,2
DA:596,2
DA:597,2
DA:598,2
DA:599,2
DA:600,2
DA:601,2
DA:602,2
DA:603,2
DA:604,2
DA:605,2
DA:606,1
DA:607,1
DA:608,1
DA:609,1
DA:610,1
DA:611,1
DA:612,1
DA:613,1
DA:614,1
DA:615,12
DA:616,12
DA:617,12
DA:618,0
DA:619,0
DA:620,0
DA:621,0
DA:622,0
DA:623,0
DA:624,0
DA:625,12
DA:626,12
DA:627,12
DA:628,0
DA:629,0
DA:630,0
DA:631,0
DA:632,0
DA:633,0
DA:634,0
DA:635,0
DA:636,0
DA:637,0
DA:638,0
DA:639,0
DA:640,0
DA:641,0
DA:642,0
DA:643,0
DA:644,0
DA:645,0
DA:646,0
DA:647,0
DA:648,0
DA:649,0
DA:650,0
DA:651,0
DA:652,12
DA:653,12
DA:654,12
DA:655,0
DA:656,0
DA:657,0
DA:658,0
DA:659,0
DA:660,0
DA:661,0
DA:662,0
DA:663,0
DA:664,0
DA:665,0
DA:666,0
DA:667,0
DA:668,0
DA:669,0
DA:670,0
DA:671,0
DA:672,0
DA:673,0
DA:674,0
DA:675,0
DA:676,0
DA:677,0
DA:678,0
DA:679,0
DA:680,0
DA:681,0
DA:682,0
DA:683,0
DA:684,0
DA:685,0
DA:686,0
DA:687,0
DA:688,0
DA:689,0
DA:690,0
DA:691,0
DA:692,0
DA:693,0
DA:694,0
DA:695,0
DA:696,0
DA:697,0
DA:698,0
DA:699,0
DA:700,0
DA:701,0
DA:702,0
DA:703,0
DA:704,0
DA:705,0
DA:706,0
DA:707,0
DA:708,0
DA:709,0
DA:710,0
DA:711,0
DA:712,0
DA:713,0
DA:714,0
DA:715,0
DA:716,0
DA:717,0
DA:718,0
DA:719,0
DA:720,0
DA:721,0
DA:722,12
DA:723,12
DA:724,12
DA:725,0
DA:726,0
DA:727,0
DA:728,0
DA:729,0
DA:730,0
DA:731,0
DA:732,0
DA:733,0
DA:734,0
DA:735,0
DA:736,0
DA:737,0
DA:738,0
DA:739,0
DA:740,0
DA:741,0
DA:742,0
DA:743,0
DA:744,0
DA:745,0
DA:746,0
DA:747,0
DA:748,0
DA:749,0
DA:750,0
DA:751,0
DA:752,0
DA:753,0
DA:754,0
DA:755,0
DA:756,0
DA:757,0
DA:758,0
DA:759,0
DA:760,0
DA:761,0
DA:762,0
DA:763,0
DA:764,0
DA:765,0
DA:766,0
DA:767,0
DA:768,0
DA:769,0
DA:770,0
DA:771,0
DA:772,0
DA:773,0
DA:774,0
DA:775,0
DA:776,0
DA:777,0
DA:778,0
DA:779,0
DA:780,0
DA:781,0
DA:782,0
DA:783,0
DA:784,0
DA:785,0
DA:786,0
DA:787,0
DA:788,0
DA:789,12
DA:790,12
DA:791,12
DA:792,0
DA:793,0
DA:794,0
DA:795,0
DA:796,0
DA:797,0
DA:798,0
DA:799,0
DA:800,0
DA:801,0
DA:802,0
DA:803,0
DA:804,0
DA:805,0
DA:806,0
DA:807,0
DA:808,0
DA:809,0
DA:810,0
DA:811,0
DA:812,0
DA:813,0
DA:814,0
DA:815,0
DA:816,0
DA:817,0
DA:818,0
DA:819,0
DA:820,0
DA:821,0
DA:822,0
DA:823,0
DA:824,0
DA:825,0
DA:826,0
DA:827,0
DA:828,0
DA:829,0
DA:830,0
DA:831,0
DA:832,0
DA:833,0
DA:834,0
DA:835,0
DA:836,0
DA:837,0
DA:838,0
DA:839,0
DA:840,0
DA:841,0
DA:842,0
DA:843,0
DA:844,0
DA:845,0
DA:846,0
DA:847,0
DA:848,0
DA:849,0
DA:850,0
DA:851,0
DA:852,12
DA:853,12
DA:854,12
DA:855,12
DA:856,7
DA:857,7
DA:858,7
DA:859,7
DA:860,0
DA:861,0
DA:862,0
DA:863,0
DA:864,0
DA:865,0
DA:866,0
DA:867,0
DA:868,0
DA:869,7
DA:870,7
DA:871,7
DA:872,7
DA:873,0
DA:874,0
DA:875,0
DA:876,0
DA:877,0
LF:877
LH:457
BRDA:1,0,0,7
BRDA:872,1,0,0
BRDA:34,2,0,23
BRDA:35,3,0,16
BRDA:35,4,0,7
BRDA:45,5,0,6
BRDA:61,6,0,1
BRDA:65,7,0,0
BRDA:69,8,0,5
BRDA:83,9,0,22
BRDA:84,10,0,16
BRDA:84,11,0,13
BRDA:87,12,0,26
BRDA:88,13,0,23
BRDA:88,14,0,7
BRDA:91,15,0,19
BRDA:95,16,0,5
BRDA:117,17,0,1
BRDA:121,18,0,0
BRDA:122,19,0,0
BRDA:129,20,0,5
BRDA:133,21,0,0
BRDA:151,22,0,25
BRDA:152,23,0,5
BRDA:153,24,0,0
BRDA:153,25,0,0
BRDA:164,26,0,5
BRDA:165,27,0,4
BRDA:165,28,0,4
BRDA:166,29,0,4
BRDA:166,30,0,1
BRDA:186,31,0,0
BRDA:187,32,0,0
BRDA:190,33,0,4
BRDA:191,34,0,1
BRDA:185,35,0,5
BRDA:205,36,0,3
BRDA:206,37,0,2
BRDA:209,38,0,1
BRDA:210,39,0,1
BRDA:210,40,0,0
BRDA:211,41,0,0
BRDA:211,42,0,1
BRDA:214,43,0,1
BRDA:216,44,0,0
BRDA:216,45,0,0
BRDA:219,46,0,0
BRDA:220,47,0,0
BRDA:232,48,0,2
BRDA:244,49,0,14
BRDA:245,50,0,13
BRDA:248,51,0,1
BRDA:249,52,0,2
BRDA:252,53,0,7
BRDA:253,54,0,1
BRDA:254,55,0,6
BRDA:254,56,0,1
BRDA:256,57,0,1
BRDA:259,58,0,6
BRDA:263,59,0,1
BRDA:303,60,0,2
BRDA:307,61,0,0
BRDA:316,62,0,2
BRDA:317,63,0,0
BRDA:320,64,0,0
BRDA:320,65,0,0
BRDA:323,66,0,4
BRDA:325,67,0,0
BRDA:327,68,0,0
BRDA:327,69,0,0
BRDA:327,70,0,0
BRDA:354,71,0,0
BRDA:363,72,0,0
BRDA:363,73,0,0
BRDA:441,74,0,12
BRDA:452,75,0,5
BRDA:453,76,0,7
BRDA:454,77,0,0
BRDA:470,78,0,4
BRDA:471,79,0,3
BRDA:471,80,0,1
BRDA:474,81,0,3
BRDA:475,82,0,0
BRDA:477,83,0,3
BRDA:477,84,0,0
BRDA:486,85,0,2
BRDA:488,86,0,2
BRDA:488,87,0,1
BRDA:488,88,0,1
BRDA:499,89,0,0
BRDA:508,90,0,1
BRDA:541,91,0,2
BRDA:541,92,0,2
BRDA:545,93,0,1
BRDA:545,94,0,0
BRDA:548,95,0,1
BRDA:552,96,0,1
BRDA:552,97,0,0
BRDA:554,98,0,0
BRDA:557,99,0,1
BRDA:564,100,0,0
BRDA:567,101,0,1
BRDA:573,102,0,2
BRDA:573,103,0,2
BRDA:577,104,0,1
BRDA:577,105,0,0
BRDA:580,106,0,1
BRDA:584,107,0,1
BRDA:585,108,0,1
BRDA:588,109,0,1
BRDA:589,110,0,0
BRDA:589,111,0,0
BRDA:592,112,0,1
BRDA:606,113,0,1
BRF:114
BRH:77
end_of_record
TN:
SF:VivahGo/server/models/Planner.js
FN:22,default
FN:54,default
FN:68,default
FNF:3
FNH:1
FNDA:0,default
FNDA:0,default
FNDA:1,default
DA:1,1
DA:2,1
DA:3,1
DA:4,1
DA:5,1
DA:6,1
DA:7,1
DA:8,1
DA:9,1
DA:10,1
DA:11,1
DA:12,1
DA:13,1
DA:14,1
DA:15,1
DA:16,1
DA:17,1
DA:18,1
DA:19,1
DA:20,1
DA:21,1
DA:22,1
DA:23,1
DA:24,1
DA:25,1
DA:26,1
DA:27,1
DA:28,1
DA:29,1
DA:30,1
DA:31,1
DA:32,1
DA:33,1
DA:34,1
DA:35,1
DA:36,1
DA:37,1
DA:38,1
DA:39,1
DA:40,1
DA:41,1
DA:42,1
DA:43,1
DA:44,1
DA:45,1
DA:46,1
DA:47,1
DA:48,1
DA:49,1
DA:50,1
DA:51,1
DA:52,1
DA:53,1
DA:54,1
DA:55,1
DA:56,1
DA:57,1
DA:58,1
DA:59,1
DA:60,1
DA:61,1
DA:62,1
DA:63,1
DA:64,1
DA:65,1
DA:66,1
DA:67,1
DA:68,1
DA:69,1
DA:70,1
DA:71,1
DA:72,1
DA:73,1
DA:74,1
DA:75,1
DA:76,1
DA:77,1
DA:78,1
DA:79,1
DA:80,1
DA:81,1
DA:82,1
DA:83,1
DA:84,1
DA:85,1
DA:86,1
DA:87,1
DA:88,1
DA:89,1
DA:90,1
DA:91,1
DA:92,1
DA:93,1
DA:94,1
DA:95,1
DA:96,1
DA:97,1
DA:98,1
LF:98
LH:98
BRDA:1,0,0,1
BRDA:68,1,0,1
BRF:2
BRH:2
end_of_record
TN:
SF:VivahGo/server/models/User.js
FNF:0
FNH:0
DA:1,1
DA:2,1
DA:3,1
DA:4,1
DA:5,1
DA:6,1
DA:7,1
DA:8,1
DA:9,1
DA:10,1
DA:11,1
DA:12,1
DA:13,1
DA:14,1
DA:15,1
DA:16,1
DA:17,1
DA:18,1
DA:19,1
DA:20,1
DA:21,1
DA:22,1
DA:23,1
DA:24,1
DA:25,1
DA:26,1
DA:27,1
DA:28,1
DA:29,1
DA:30,1
DA:31,1
DA:32,1
LF:32
LH:32
BRDA:1,0,0,1
BRF:1
BRH:1
end_of_record
TN:
SF:VivahGo/src/api.js
FN:1,getRuntimeEnv
FN:8,resolveApiBaseUrl
FN:39,request
FN:65,loginWithGoogle
FN:72,withOwnerQuery
FN:81,fetchPlanner
FN:85,savePlanner
FN:93,fetchAccessiblePlanners
FN:97,fetchPlanCollaborators
FN:105,addPlanCollaborator
FN:113,updatePlanCollaboratorRole
FN:121,removePlanCollaborator
FN:134,submitFeedback
FNF:13
FNH:8
FNDA:4,getRuntimeEnv
FNDA:9,resolveApiBaseUrl
FNDA:9,request
FNDA:1,loginWithGoogle
FNDA:2,withOwnerQuery
FNDA:1,fetchPlanner
FNDA:1,savePlanner
FNDA:0,fetchAccessiblePlanners
FNDA:0,fetchPlanCollaborators
FNDA:0,addPlanCollaborator
FNDA:0,updatePlanCollaboratorRole
FNDA:0,removePlanCollaborator
FNDA:1,submitFeedback
DA:1,4
DA:2,4
DA:3,0
DA:4,0
DA:5,4
DA:6,4
DA:7,4
DA:8,4
DA:9,9
DA:10,9
DA:11,9
DA:12,9
DA:13,4
DA:14,4
DA:15,4
DA:16,4
DA:17,2
DA:18,2
DA:19,4
DA:20,7
DA:21,9
DA:22,1
DA:23,1
DA:24,6
DA:25,9
DA:26,1
DA:27,1
DA:28,0
DA:29,0
DA:30,1
DA:31,1
DA:32,1
DA:33,5
DA:34,5
DA:35,9
DA:36,4
DA:37,4
DA:38,4
DA:39,4
DA:40,9
DA:41,9
DA:42,9
DA:43,9
DA:44,9
DA:45,9
DA:46,9
DA:47,9
DA:48,9
DA:49,9
DA:50,9
DA:51,9
DA:52,9
DA:53,1
DA:54,1
DA:55,8
DA:56,8
DA:57,8
DA:58,8
DA:59,2
DA:60,2
DA:61,6
DA:62,6
DA:63,9
DA:64,4
DA:65,4
DA:66,1
DA:67,1
DA:68,1
DA:69,1
DA:70,1
DA:71,4
DA:72,2
DA:73,2
DA:74,2
DA:75,2
DA:76,0
DA:77,2
DA:78,2
DA:79,2
DA:80,4
DA:81,4
DA:82,1
DA:83,1
DA:84,4
DA:85,4
DA:86,1
DA:87,1
DA:88,1
DA:89,1
DA:90,1
DA:91,1
DA:92,4
DA:93,4
DA:94,0
DA:95,0
DA:96,4
DA:97,4
DA:98,0
DA:99,0
DA:100,0
DA:101,0
DA:102,0
DA:103,0
DA:104,4
DA:105,4
DA:106,0
DA:107,0
DA:108,0
DA:109,0
DA:110,0
DA:111,0
DA:112,4
DA:113,4
DA:114,0
DA:115,0
DA:116,0
DA:117,0
DA:118,0
DA:119,0
DA:120,4
DA:121,4
DA:122,0
DA:123,0
DA:124,0
DA:125,0
DA:126,0
DA:127,0
DA:128,0
DA:129,0
DA:130,0
DA:131,0
DA:132,0
DA:133,4
DA:134,4
DA:135,1
DA:136,1
DA:137,1
DA:138,1
DA:139,1
LF:139
LH:103
BRDA:1,0,0,4
BRDA:1,1,0,4
BRDA:2,2,0,0
BRDA:8,3,0,9
BRDA:8,4,0,0
BRDA:8,5,0,5
BRDA:12,6,0,4
BRDA:14,7,0,1
BRDA:16,8,0,3
BRDA:16,9,0,2
BRDA:20,10,0,7
BRDA:21,11,0,1
BRDA:24,12,0,6
BRDA:25,13,0,1
BRDA:27,14,0,0
BRDA:33,15,0,5
BRDA:39,16,0,9
BRDA:48,17,0,3
BRDA:48,18,0,6
BRDA:50,19,0,4
BRDA:50,20,0,5
BRDA:52,21,0,8
BRDA:52,22,0,1
BRDA:55,23,0,8
BRDA:58,24,0,2
BRDA:59,25,0,1
BRDA:61,26,0,6
BRDA:56,27,0,1
BRDA:65,28,0,1
BRDA:72,29,0,2
BRDA:76,30,0,0
BRDA:77,31,0,0
BRDA:81,32,0,1
BRDA:85,33,0,1
BRDA:134,34,0,1
BRF:35
BRH:30
end_of_record
TN:
SF:VivahGo/src/constants.js
FNF:0
FNH:0
DA:1,1
DA:2,1
DA:3,1
DA:4,1
DA:5,1
DA:6,1
DA:7,1
DA:8,1
DA:9,1
DA:10,1
DA:11,1
DA:12,1
DA:13,1
DA:14,1
DA:15,1
DA:16,1
DA:17,1
DA:18,1
DA:19,1
DA:20,1
DA:21,1
DA:22,1
DA:23,1
DA:24,1
DA:25,1
DA:26,1
DA:27,1
DA:28,1
DA:29,1
DA:30,1
DA:31,1
DA:32,1
DA:33,1
DA:34,1
DA:35,1
DA:36,1
DA:37,1
DA:38,1
DA:39,1
DA:40,1
DA:41,1
DA:42,1
DA:43,1
DA:44,1
DA:45,1
DA:46,1
DA:47,1
DA:48,1
DA:49,1
LF:49
LH:49
BRDA:1,0,0,1
BRF:1
BRH:1
end_of_record
TN:
SF:VivahGo/src/data.js
FNF:0
FNH:0
DA:1,1
DA:2,1
DA:3,1
DA:4,1
DA:5,1
DA:6,1
DA:7,1
DA:8,1
DA:9,1
DA:10,1
DA:11,1
DA:12,1
DA:13,1
DA:14,1
DA:15,1
DA:16,1
DA:17,1
DA:18,1
DA:19,1
DA:20,1
DA:21,1
DA:22,1
DA:23,1
DA:24,1
DA:25,1
DA:26,1
DA:27,1
DA:28,1
DA:29,1
DA:30,1
DA:31,1
DA:32,1
DA:33,1
DA:34,1
DA:35,1
DA:36,1
DA:37,1
DA:38,1
DA:39,1
DA:40,1
DA:41,1
DA:42,1
DA:43,1
DA:44,1
DA:45,1
DA:46,1
DA:47,1
DA:48,1
DA:49,1
DA:50,1
DA:51,1
DA:52,1
DA:53,1
DA:54,1
DA:55,1
DA:56,1
DA:57,1
DA:58,1
DA:59,1
DA:60,1
DA:61,1
DA:62,1
DA:63,1
DA:64,1
DA:65,1
DA:66,1
DA:67,1
DA:68,1
DA:69,1
DA:70,1
DA:71,1
DA:72,1
DA:73,1
DA:74,1
DA:75,1
DA:76,1
DA:77,1
DA:78,1
DA:79,1
DA:80,1
DA:81,1
DA:82,1
DA:83,1
DA:84,1
DA:85,1
DA:86,1
DA:87,1
DA:88,1
DA:89,1
DA:90,1
DA:91,1
DA:92,1
DA:93,1
DA:94,1
DA:95,1
DA:96,1
DA:97,1
DA:98,1
DA:99,1
DA:100,1
DA:101,1
DA:102,1
DA:103,1
DA:104,1
DA:105,1
DA:106,1
DA:107,1
DA:108,1
DA:109,1
DA:110,1
DA:111,1
DA:112,1
DA:113,1
DA:114,1
DA:115,1
DA:116,1
DA:117,1
DA:118,1
DA:119,1
DA:120,1
DA:121,1
DA:122,1
DA:123,1
DA:124,1
DA:125,1
DA:126,1
DA:127,1
DA:128,1
DA:129,1
DA:130,1
DA:131,1
DA:132,1
LF:132
LH:132
BRDA:1,0,0,1
BRF:1
BRH:1
end_of_record
TN:
SF:VivahGo/src/plannerDefaults.js
FN:13,generatePlanId
FN:65,normalizeExpense
FN:83,normalizeTask
FN:111,cloneCollection
FN:115,hasValidPlanId
FN:119,normalizePlanScopedItems
FN:139,createTemplateEvents
FN:156,createTemplateTasks
FN:170,createTemplateVendors
FN:183,createTemplatePlanCollections
FN:193,createDemoEvents
FN:206,createBlankMarriagePlan
FN:223,createDemoMarriagePlan
FN:240,createBlankPlanner
FN:255,createDemoPlanner
FN:279,normalizePlanner
FN:369,hasWeddingProfile
FNF:17
FNH:13
FNDA:9,generatePlanId
FNDA:8,normalizeExpense
FNDA:51,normalizeTask
FNDA:10,cloneCollection
FNDA:7,hasValidPlanId
FNDA:10,normalizePlanScopedItems
FNDA:0,createTemplateEvents
FNDA:0,createTemplateTasks
FNDA:0,createTemplateVendors
FNDA:0,createTemplatePlanCollections
FNDA:2,createDemoEvents
FNDA:6,createBlankMarriagePlan
FNDA:2,createDemoMarriagePlan
FNDA:6,createBlankPlanner
FNDA:2,createDemoPlanner
FNDA:4,normalizePlanner
FNDA:5,hasWeddingProfile
DA:1,5
DA:2,5
DA:3,5
DA:4,5
DA:5,5
DA:6,5
DA:7,5
DA:8,5
DA:9,5
DA:10,5
DA:11,5
DA:12,5
DA:13,5
DA:14,9
DA:15,9
DA:16,5
DA:17,5
DA:18,5
DA:19,5
DA:20,5
DA:21,5
DA:22,5
DA:23,5
DA:24,5
DA:25,5
DA:26,5
DA:27,5
DA:28,5
DA:29,5
DA:30,5
DA:31,5
DA:32,5
DA:33,5
DA:34,5
DA:35,5
DA:36,5
DA:37,5
DA:38,5
DA:39,5
DA:40,5
DA:41,5
DA:42,5
DA:43,5
DA:44,5
DA:45,5
DA:46,5
DA:47,5
DA:48,5
DA:49,5
DA:50,5
DA:51,5
DA:52,5
DA:53,5
DA:54,5
DA:55,5
DA:56,5
DA:57,5
DA:58,5
DA:59,5
DA:60,5
DA:61,5
DA:62,5
DA:63,5
DA:64,5
DA:65,8
DA:66,8
DA:67,0
DA:68,0
DA:69,8
DA:70,8
DA:71,8
DA:72,8
DA:73,8
DA:74,8
DA:75,8
DA:76,8
DA:77,8
DA:78,8
DA:79,8
DA:80,8
DA:81,8
DA:82,5
DA:83,51
DA:84,51
DA:85,0
DA:86,0
DA:87,0
DA:88,0
DA:89,0
DA:90,0
DA:91,0
DA:92,0
DA:93,0
DA:94,0
DA:95,0
DA:96,0
DA:97,51
DA:98,51
DA:99,51
DA:100,51
DA:101,51
DA:102,51
DA:103,51
DA:104,51
DA:105,51
DA:106,51
DA:107,51
DA:108,51
DA:109,51
DA:110,5
DA:111,10
DA:112,10
DA:113,10
DA:114,5
DA:115,7
DA:116,7
DA:117,7
DA:118,5
DA:119,10
DA:120,10
DA:121,5
DA:122,5
DA:123,5
DA:124,5
DA:125,5
DA:126,5
DA:127,7
DA:128,1
DA:129,1
DA:130,6
DA:131,6
DA:132,6
DA:133,6
DA:134,6
DA:135,6
DA:136,5
DA:137,10
DA:138,5
DA:139,0
DA:140,0
DA:141,0
DA:142,0
DA:143,0
DA:144,0
DA:145,0
DA:146,0
DA:147,0
DA:148,0
DA:149,0
DA:150,0
DA:151,0
DA:152,0
DA:153,0
DA:154,0
DA:155,5
DA:156,0
DA:157,0
DA:158,0
DA:159,0
DA:160,0
DA:161,0
DA:162,0
DA:163,0
DA:164,0
DA:165,0
DA:166,0
DA:167,0
DA:168,0
DA:169,5
DA:170,0
DA:171,0
DA:172,0
DA:173,0
DA:174,0
DA:175,0
DA:176,0
DA:177,0
DA:178,0
DA:179,0
DA:180,0
DA:181,0
DA:182,5
DA:183,5
DA:184,0
DA:185,0
DA:186,0
DA:187,0
DA:188,0
DA:189,0
DA:190,0
DA:191,0
DA:192,5
DA:193,2
DA:194,2
DA:195,30
DA:196,30
DA:197,30
DA:198,30
DA:199,30
DA:200,30
DA:201,30
DA:202,2
DA:203,2
DA:204,5
DA:205,5
DA:206,5
DA:207,6
DA:208,6
DA:209,6
DA:210,6
DA:211,6
DA:212,6
DA:213,6
DA:214,6
DA:215,6
DA:216,6
DA:217,6
DA:218,6
DA:219,6
DA:220,6
DA:221,5
DA:222,5
DA:223,5
DA:224,2
DA:225,2
DA:226,2
DA:227,2
DA:228,2
DA:229,2
DA:230,2
DA:231,2
DA:232,2
DA:233,2
DA:234,2
DA:235,2
DA:236,2
DA:237,2
DA:238,5
DA:239,5
DA:240,5
DA:241,6
DA:242,6
DA:243,6
DA:244,6
DA:245,6
DA:246,6
DA:247,6
DA:248,6
DA:249,6
DA:250,6
DA:251,6
DA:252,6
DA:253,5
DA:254,5
DA:255,5
DA:256,2
DA:257,2
DA:258,2
DA:259,2
DA:260,2
DA:261,2
DA:262,2
DA:263,2
DA:264,2
DA:265,2
DA:266,2
DA:267,2
DA:268,2
DA:269,2
DA:270,2
DA:271,2
DA:272,2
DA:273,2
DA:274,2
DA:275,2
DA:276,2
DA:277,5
DA:278,5
DA:279,5
DA:280,4
DA:281,4
DA:282,4
DA:283,2
DA:284,2
DA:285,2
DA:286,2
DA:287,2
DA:288,4
DA:289,1
DA:290,1
DA:291,2
DA:292,2
DA:293,2
DA:294,0
DA:295,0
DA:296,0
DA:297,0
DA:298,0
DA:299,0
DA:300,0
DA:301,2
DA:302,1
DA:303,4
DA:304,4
DA:305,4
DA:306,4
DA:307,4
DA:308,1
DA:309,1
DA:310,1
DA:311,1
DA:312,1
DA:313,1
DA:314,1
DA:315,1
DA:316,1
DA:317,1
DA:318,1
DA:319,1
DA:320,1
DA:321,1
DA:322,1
DA:323,2
DA:324,2
DA:325,4
DA:326,0
DA:327,0
DA:328,0
DA:329,2
DA:330,2
DA:331,4
DA:332,0
DA:333,0
DA:334,2
DA:335,2
DA:336,2
DA:337,2
DA:338,4
DA:339,4
DA:340,4
DA:341,4
DA:342,4
DA:343,4
DA:344,4
DA:345,4
DA:346,4
DA:347,4
DA:348,4
DA:349,4
DA:350,4
DA:351,4
DA:352,4
DA:353,4
DA:354,4
DA:355,4
DA:356,4
DA:357,4
DA:358,4
DA:359,4
DA:360,4
DA:361,4
DA:362,4
DA:363,4
DA:364,4
DA:365,4
DA:366,4
DA:367,4
DA:368,5
DA:369,5
DA:370,5
DA:371,5
DA:372,5
DA:373,5
LF:373
LH:298
BRDA:1,0,0,5
BRDA:13,1,0,9
BRDA:65,2,0,8
BRDA:66,3,0,0
BRDA:71,4,0,2
BRDA:72,5,0,1
BRDA:73,6,0,1
BRDA:74,7,0,2
BRDA:75,8,0,2
BRDA:76,9,0,1
BRDA:76,10,0,0
BRDA:77,11,0,0
BRDA:78,12,0,2
BRDA:79,13,0,6
BRDA:83,14,0,51
BRDA:84,15,0,0
BRDA:99,16,0,1
BRDA:100,17,0,0
BRDA:102,18,0,1
BRDA:103,19,0,1
BRDA:104,20,0,1
BRDA:105,21,0,1
BRDA:106,22,0,1
BRDA:107,23,0,50
BRDA:111,24,0,10
BRDA:112,25,0,108
BRDA:115,26,0,7
BRDA:116,27,0,1
BRDA:119,28,0,10
BRDA:120,29,0,5
BRDA:125,30,0,9
BRDA:125,31,0,7
BRDA:126,32,0,7
BRDA:127,33,0,6
BRDA:127,34,0,1
BRDA:193,35,0,2
BRDA:194,36,0,30
BRDA:197,37,0,18
BRDA:198,38,0,18
BRDA:199,39,0,18
BRDA:200,40,0,4
BRDA:200,41,0,26
BRDA:201,42,0,2
BRDA:201,43,0,28
BRDA:206,44,0,6
BRDA:207,45,0,0
BRDA:223,46,0,2
BRDA:240,47,0,6
BRDA:255,48,0,2
BRDA:271,49,0,6
BRDA:272,50,0,10
BRDA:273,51,0,12
BRDA:274,52,0,50
BRDA:279,53,0,4
BRDA:282,54,0,3
BRDA:282,55,0,2
BRDA:288,56,0,1
BRDA:303,57,0,1
BRDA:307,58,0,1
BRDA:307,59,0,1
BRDA:307,60,0,1
BRDA:311,61,0,0
BRDA:323,62,0,2
BRDA:325,63,0,0
BRDA:329,64,0,2
BRDA:331,65,0,0
BRDA:334,66,0,2
BRDA:338,67,0,0
BRDA:341,68,0,0
BRDA:342,69,0,1
BRDA:343,70,0,2
BRDA:344,71,0,2
BRDA:345,72,0,2
BRDA:346,73,0,2
BRDA:289,74,0,2
BRDA:290,75,0,2
BRDA:293,76,0,0
BRDA:331,77,0,3
BRDA:335,78,0,3
BRDA:338,79,0,3
BRDA:351,80,0,2
BRDA:355,81,0,1
BRDA:369,82,0,5
BRDA:371,83,0,4
BRDA:371,84,0,2
BRDA:371,85,0,2
BRDA:371,86,0,2
BRDA:371,87,0,2
BRDA:371,88,0,2
BRF:89
BRH:77
end_of_record
TN:
SF:VivahGo/src/utils.js
FN:1,daysUntil
FN:10,fmt
FN:15,initials
FN:19,formatVendorPriceTier
FN:24,formatVendorGuestRange
FN:35,getVendorQuickFacts
FN:40,validateOnboardingAnswer
FNF:7
FNH:7
FNDA:4,daysUntil
FNDA:4,fmt
FNDA:3,initials
FNDA:3,formatVendorPriceTier
FNDA:4,formatVendorGuestRange
FNDA:2,getVendorQuickFacts
FNDA:16,validateOnboardingAnswer
DA:1,4
DA:2,4
DA:3,3
DA:4,4
DA:5,2
DA:6,2
DA:7,2
DA:8,4
DA:9,4
DA:10,4
DA:11,4
DA:12,2
DA:13,4
DA:14,4
DA:15,4
DA:16,3
DA:17,3
DA:18,4
DA:19,4
DA:20,3
DA:21,3
DA:22,3
DA:23,4
DA:24,4
DA:25,4
DA:26,4
DA:27,4
DA:28,4
DA:29,2
DA:30,2
DA:31,2
DA:32,2
DA:33,4
DA:34,4
DA:35,4
DA:36,2
DA:37,2
DA:38,4
DA:39,4
DA:40,4
DA:41,16
DA:42,16
DA:43,16
DA:44,16
DA:45,16
DA:46,16
DA:47,3
DA:48,1
DA:49,1
DA:50,3
DA:51,1
DA:52,1
DA:53,1
DA:54,1
DA:55,16
DA:56,16
DA:57,4
DA:58,1
DA:59,1
DA:60,3
DA:61,3
DA:62,4
DA:63,1
DA:64,1
DA:65,2
DA:66,2
DA:67,4
DA:68,1
DA:69,1
DA:70,1
DA:71,1
DA:72,16
DA:73,16
DA:74,4
DA:75,1
DA:76,1
DA:77,3
DA:78,4
DA:79,1
DA:80,1
DA:81,4
DA:82,1
DA:83,1
DA:84,1
DA:85,1
DA:86,16
DA:87,16
DA:88,4
DA:89,1
DA:90,1
DA:91,3
DA:92,3
DA:93,3
DA:94,4
DA:95,1
DA:96,1
DA:97,4
DA:98,1
DA:99,1
DA:100,1
DA:101,1
DA:102,16
DA:103,16
DA:104,1
DA:105,16
DA:106,16
LF:106
LH:106
BRDA:1,0,0,4
BRDA:1,1,0,4
BRDA:2,2,0,1
BRDA:3,3,0,3
BRDA:4,4,0,1
BRDA:5,5,0,2
BRDA:10,6,0,4
BRDA:11,7,0,2
BRDA:15,8,0,3
BRDA:16,9,0,6
BRDA:19,10,0,3
BRDA:20,11,0,1
BRDA:24,12,0,4
BRDA:25,13,0,3
BRDA:26,14,0,3
BRDA:28,15,0,2
BRDA:28,16,0,2
BRDA:35,17,0,2
BRDA:40,18,0,16
BRDA:44,19,0,3
BRDA:45,20,0,3
BRDA:46,21,0,3
BRDA:47,22,0,1
BRDA:50,23,0,2
BRDA:50,24,0,1
BRDA:56,25,0,4
BRDA:57,26,0,1
BRDA:60,27,0,3
BRDA:62,28,0,1
BRDA:65,29,0,2
BRDA:67,30,0,1
BRDA:73,31,0,4
BRDA:74,32,0,1
BRDA:77,33,0,3
BRDA:78,34,0,1
BRDA:81,35,0,2
BRDA:81,36,0,1
BRDA:87,37,0,4
BRDA:88,38,0,1
BRDA:91,39,0,3
BRDA:94,40,0,2
BRDA:94,41,0,1
BRDA:97,42,0,2
BRDA:97,43,0,1
BRDA:103,44,0,1
BRF:45
BRH:45
end_of_record
TN:
SF:VivahGo/src/hooks/useBackButtonClose.js
FN:9,useBackButtonClose
FN:29,onPopState
FNF:2
FNH:2
FNDA:3,useBackButtonClose
FNDA:2,onPopState
DA:1,2
DA:2,2
DA:3,2
DA:4,2
DA:5,2
DA:6,2
DA:7,2
DA:8,2
DA:9,2
DA:10,3
DA:11,3
DA:12,3
DA:13,3
DA:14,3
DA:15,3
DA:16,3
DA:17,3
DA:18,2
DA:19,2
DA:20,2
DA:21,2
DA:22,2
DA:23,2
DA:24,2
DA:25,2
DA:26,2
DA:27,2
DA:28,2
DA:29,2
DA:30,2
DA:31,2
DA:32,2
DA:33,2
DA:34,2
DA:35,2
DA:36,2
DA:37,2
DA:38,1
DA:39,1
DA:40,2
DA:41,3
DA:42,3
LF:42
LH:42
BRDA:1,0,0,2
BRDA:9,1,0,3
BRDA:13,2,0,3
BRDA:17,3,0,2
BRDA:18,4,0,0
BRDA:19,5,0,0
BRDA:29,6,0,2
BRDA:30,7,0,0
BRDA:37,8,0,1
BRF:9
BRH:6
end_of_record
TN:
SF:VivahGo/src/hooks/useSwipeDown.js
FN:9,useSwipeDown
FN:33,resetGestureStyles
FN:38,onTouchStart
FN:46,onTouchMove
FN:58,onDocumentTouchMoveCapture
FN:64,onTouchEnd
FN:75,onTouchCancel
FN:82,shouldIgnoreMouseTarget
FN:86,onMouseDown
FN:97,onMouseMove
FN:110,onMouseUp
FNF:11
FNH:9
FNDA:3,useSwipeDown
FNDA:3,resetGestureStyles
FNDA:2,onTouchStart
FNDA:2,onTouchMove
FNDA:0,onDocumentTouchMoveCapture
FNDA:2,onTouchEnd
FNDA:0,onTouchCancel
FNDA:2,shouldIgnoreMouseTarget
FNDA:2,onMouseDown
FNDA:2,onMouseMove
FNDA:2,onMouseUp
DA:1,3
DA:2,3
DA:3,3
DA:4,3
DA:5,3
DA:6,3
DA:7,3
DA:8,3
DA:9,3
DA:10,3
DA:11,3
DA:12,3
DA:13,3
DA:14,3
DA:15,3
DA:16,3
DA:17,3
DA:18,3
DA:19,3
DA:20,3
DA:21,3
DA:22,3
DA:23,3
DA:24,3
DA:25,3
DA:26,3
DA:27,3
DA:28,3
DA:29,3
DA:30,3
DA:31,3
DA:32,3
DA:33,3
DA:34,3
DA:35,3
DA:36,3
DA:37,3
DA:38,3
DA:39,2
DA:40,2
DA:41,2
DA:42,2
DA:43,2
DA:44,2
DA:45,3
DA:46,3
DA:47,2
DA:48,2
DA:49,2
DA:50,2
DA:51,2
DA:52,2
DA:53,0
DA:54,0
DA:55,0
DA:56,2
DA:57,3
DA:58,3
DA:59,0
DA:60,0
DA:61,0
DA:62,0
DA:63,3
DA:64,3
DA:65,2
DA:66,2
DA:67,2
DA:68,2
DA:69,2
DA:70,2
DA:71,2
DA:72,2
DA:73,2
DA:74,3
DA:75,3
DA:76,0
DA:77,0
DA:78,0
DA:79,0
DA:80,0
DA:81,3
DA:82,3
DA:83,2
DA:84,2
DA:85,3
DA:86,3
DA:87,2
DA:88,2
DA:89,2
DA:90,1
DA:91,1
DA:92,1
DA:93,1
DA:94,1
DA:95,2
DA:96,3
DA:97,3
DA:98,2
DA:99,1
DA:100,1
DA:101,1
DA:102,1
DA:103,2
DA:104,0
DA:105,0
DA:106,0
DA:107,0
DA:108,2
DA:109,3
DA:110,3
DA:111,2
DA:112,1
DA:113,1
DA:114,1
DA:115,1
DA:116,1
DA:117,2
DA:118,1
DA:119,1
DA:120,2
DA:121,3
DA:122,3
DA:123,3
DA:124,3
DA:125,3
DA:126,3
DA:127,3
DA:128,3
DA:129,3
DA:130,3
DA:131,3
DA:132,3
DA:133,3
DA:134,3
DA:135,3
DA:136,3
DA:137,3
DA:138,3
DA:139,3
DA:140,3
DA:141,3
DA:142,3
DA:143,3
DA:144,3
DA:145,3
DA:146,3
DA:147,3
DA:148,3
DA:149,3
DA:150,3
DA:151,3
DA:152,3
LF:152
LH:136
BRDA:1,0,0,3
BRDA:9,1,0,3
BRDA:16,2,0,3
BRDA:20,3,0,3
BRDA:22,4,0,0
BRDA:33,5,0,3
BRDA:38,6,0,2
BRDA:39,7,0,0
BRDA:46,8,0,2
BRDA:47,9,0,0
BRDA:52,10,0,0
BRDA:64,11,0,2
BRDA:65,12,0,0
BRDA:70,13,0,1
BRDA:70,14,0,0
BRDA:70,15,0,1
BRDA:82,16,0,2
BRDA:86,17,0,2
BRDA:87,18,0,0
BRDA:88,19,0,1
BRDA:89,20,0,0
BRDA:90,21,0,1
BRDA:97,22,0,2
BRDA:98,23,0,1
BRDA:98,24,0,1
BRDA:103,25,0,0
BRDA:110,26,0,2
BRDA:111,27,0,1
BRDA:111,28,0,1
BRDA:117,29,0,0
BRDA:117,30,0,1
BRDA:131,31,0,3
BRDA:147,32,0,6
BRF:33
BRH:23
end_of_record
TN:
SF:api/feedback.js
FN:3,getString
FN:12,handler
FNF:2
FNH:2
FNDA:25,getString
FNDA:8,handler
DA:1,1
DA:2,1
DA:3,25
DA:4,25
DA:5,16
DA:6,16
DA:7,9
DA:8,9
DA:9,25
DA:10,25
DA:11,1
DA:12,1
DA:13,8
DA:14,1
DA:15,1
DA:16,7
DA:17,7
DA:18,7
DA:19,8
DA:20,1
DA:21,1
DA:22,1
DA:23,1
DA:24,6
DA:25,6
DA:26,6
DA:27,6
DA:28,8
DA:29,1
DA:30,1
DA:31,1
DA:32,5
DA:33,8
DA:34,8
DA:35,8
DA:36,8
DA:37,1
DA:38,1
DA:39,1
DA:40,4
DA:41,4
DA:42,4
DA:43,4
DA:44,4
DA:45,4
DA:46,4
DA:47,8
DA:48,8
DA:49,8
DA:50,8
DA:51,8
DA:52,8
DA:53,8
DA:54,8
DA:55,8
DA:56,8
DA:57,8
DA:58,8
DA:59,3
DA:60,8
DA:61,1
DA:62,1
DA:63,2
DA:64,2
DA:65,2
DA:66,2
DA:67,2
DA:68,2
DA:69,1
LF:69
LH:69
BRDA:1,0,0,1
BRDA:3,1,0,25
BRDA:4,2,0,16
BRDA:7,3,0,9
BRDA:9,4,0,1
BRDA:12,5,0,8
BRDA:13,6,0,1
BRDA:16,7,0,7
BRDA:19,8,0,1
BRDA:24,9,0,6
BRDA:28,10,0,5
BRDA:28,11,0,1
BRDA:32,12,0,5
BRDA:33,13,0,5
BRDA:33,14,0,0
BRDA:36,15,0,1
BRDA:40,16,0,4
BRDA:47,17,0,2
BRDA:59,18,0,3
BRDA:60,19,0,1
BRDA:63,20,0,2
BRF:21
BRH:20
end_of_record
TN:
SF:api/health.js
FN:3,handler
FNF:1
FNH:1
FNDA:2,handler
DA:1,1
DA:2,1
DA:3,1
DA:4,2
DA:5,1
DA:6,1
DA:7,1
DA:8,1
DA:9,1
DA:10,1
LF:10
LH:10
BRDA:1,0,0,1
BRDA:3,1,0,2
BRDA:4,2,0,1
BRF:3
BRH:3
end_of_record
TN:
SF:api/_lib/core.js
FN:21,getClientOrigins
FN:29,setCorsHeaders
FN:45,handlePreflight
FN:54,connectDb
FN:68,getUserModel
FN:82,getPlannerModel
FN:103,default
FN:108,default
FN:117,default
FN:130,buildEmptyPlanner
FN:168,isRecord
FN:172,sanitizeCollection
FN:179,normalizeEmail
FN:183,normalizeRole
FN:190,sanitizeCollaborators
FN:225,sanitizeMarriages
FN:247,sanitizePlanScopedCollection
FN:261,sanitizePlanner
FN:305,getPlanFromPlanner
FN:314,getCollaboratorRoleForPlan
FN:323,hasPlanRole
FN:332,normalizePlannerOwnership
FN:345,createSessionToken
FN:358,readBearerToken
FN:366,verifySession
FNF:25
FNH:21
FNDA:28,getClientOrigins
FNDA:28,setCorsHeaders
FNDA:26,handlePreflight
FNDA:7,connectDb
FNDA:7,getUserModel
FNDA:11,getPlannerModel
FNDA:0,default
FNDA:0,default
FNDA:0,default
FNDA:7,buildEmptyPlanner
FNDA:21,isRecord
FNDA:35,sanitizeCollection
FNDA:34,normalizeEmail
FNDA:0,normalizeRole
FNDA:10,sanitizeCollaborators
FNDA:7,sanitizeMarriages
FNDA:35,sanitizePlanScopedCollection
FNDA:7,sanitizePlanner
FNDA:3,getPlanFromPlanner
FNDA:3,getCollaboratorRoleForPlan
FNDA:1,hasPlanRole
FNDA:3,normalizePlannerOwnership
FNDA:2,createSessionToken
FNDA:8,readBearerToken
FNDA:8,verifySession
DA:1,1
DA:2,1
DA:3,1
DA:4,1
DA:5,1
DA:6,1
DA:7,1
DA:8,1
DA:9,1
DA:10,1
DA:11,1
DA:12,1
DA:13,1
DA:14,1
DA:15,1
DA:16,1
DA:17,1
DA:18,1
DA:19,1
DA:20,1
DA:21,28
DA:22,28
DA:23,26
DA:24,26
DA:25,2
DA:26,2
DA:27,28
DA:28,1
DA:29,28
DA:30,28
DA:31,28
DA:32,28
DA:33,28
DA:34,28
DA:35,26
DA:36,28
DA:37,1
DA:38,1
DA:39,1
DA:40,28
DA:41,28
DA:42,28
DA:43,28
DA:44,1
DA:45,26
DA:46,26
DA:47,5
DA:48,5
DA:49,5
DA:50,5
DA:51,21
DA:52,26
DA:53,1
DA:54,7
DA:55,7
DA:56,5
DA:57,5
DA:58,2
DA:59,2
DA:60,7
DA:61,1
DA:62,1
DA:63,1
DA:64,1
DA:65,1
DA:66,7
DA:67,1
DA:68,7
DA:69,7
DA:70,7
DA:71,7
DA:72,7
DA:73,7
DA:74,7
DA:75,7
DA:76,7
DA:77,7
DA:78,7
DA:79,7
DA:80,7
DA:81,1
DA:82,11
DA:83,11
DA:84,11
DA:85,11
DA:86,11
DA:87,11
DA:88,11
DA:89,11
DA:90,11
DA:91,11
DA:92,11
DA:93,11
DA:94,11
DA:95,11
DA:96,11
DA:97,11
DA:98,11
DA:99,11
DA:100,11
DA:101,11
DA:102,11
DA:103,11
DA:104,11
DA:105,11
DA:106,11
DA:107,11
DA:108,11
DA:109,11
DA:110,11
DA:111,11
DA:112,11
DA:113,11
DA:114,11
DA:115,11
DA:116,11
DA:117,11
DA:118,11
DA:119,11
DA:120,11
DA:121,11
DA:122,11
DA:123,11
DA:124,11
DA:125,11
DA:126,11
DA:127,11
DA:128,11
DA:129,1
DA:130,7
DA:131,7
DA:132,7
DA:133,7
DA:134,7
DA:135,7
DA:136,7
DA:137,7
DA:138,7
DA:139,7
DA:140,7
DA:141,7
DA:142,7
DA:143,7
DA:144,7
DA:145,7
DA:146,7
DA:147,4
DA:148,4
DA:149,4
DA:150,4
DA:151,4
DA:152,4
DA:153,4
DA:154,7
DA:155,7
DA:156,7
DA:157,7
DA:158,7
DA:159,7
DA:160,7
DA:161,7
DA:162,7
DA:163,7
DA:164,7
DA:165,7
DA:166,7
DA:167,1
DA:168,21
DA:169,21
DA:170,21
DA:171,1
DA:172,35
DA:173,35
DA:174,10
DA:175,10
DA:176,25
DA:177,35
DA:178,1
DA:179,34
DA:180,34
DA:181,34
DA:182,1
DA:183,0
DA:184,0
DA:185,0
DA:186,0
DA:187,0
DA:188,0
DA:189,1
DA:190,10
DA:191,10
DA:192,10
DA:193,10
DA:194,10
DA:195,8
DA:196,8
DA:197,8
DA:198,0
DA:199,0
DA:200,0
DA:201,0
DA:202,0
DA:203,0
DA:204,0
DA:205,0
DA:206,0
DA:207,0
DA:208,0
DA:209,0
DA:210,8
DA:211,8
DA:212,10
DA:213,10
DA:214,4
DA:215,4
DA:216,4
DA:217,4
DA:218,4
DA:219,4
DA:220,4
DA:221,10
DA:222,10
DA:223,10
DA:224,1
DA:225,7
DA:226,7
DA:227,6
DA:228,6
DA:229,1
DA:230,1
DA:231,1
DA:232,1
DA:233,2
DA:234,2
DA:235,2
DA:236,2
DA:237,2
DA:238,2
DA:239,2
DA:240,2
DA:241,2
DA:242,2
DA:243,1
DA:244,1
DA:245,7
DA:246,1
DA:247,35
DA:248,35
DA:249,7
DA:250,1
DA:251,1
DA:252,6
DA:253,6
DA:254,6
DA:255,6
DA:256,6
DA:257,6
DA:258,35
DA:259,35
DA:260,1
DA:261,7
DA:262,7
DA:263,7
DA:264,7
DA:265,2
DA:266,2
DA:267,7
DA:268,7
DA:269,7
DA:270,7
DA:271,6
DA:272,6
DA:273,6
DA:274,6
DA:275,6
DA:276,6
DA:277,6
DA:278,6
DA:279,6
DA:280,6
DA:281,6
DA:282,6
DA:283,6
DA:284,7
DA:285,7
DA:286,7
DA:287,7
DA:288,7
DA:289,7
DA:290,7
DA:291,7
DA:292,7
DA:293,7
DA:294,7
DA:295,7
DA:296,7
DA:297,7
DA:298,7
DA:299,7
DA:300,7
DA:301,7
DA:302,7
DA:303,7
DA:304,1
DA:305,3
DA:306,3
DA:307,2
DA:308,2
DA:309,1
DA:310,3
DA:311,3
DA:312,3
DA:313,1
DA:314,3
DA:315,3
DA:316,3
DA:317,2
DA:318,2
DA:319,1
DA:320,3
DA:321,3
DA:322,1
DA:323,1
DA:324,1
DA:325,1
DA:326,0
DA:327,0
DA:328,1
DA:329,1
DA:330,1
DA:331,1
DA:332,3
DA:333,3
DA:334,3
DA:335,3
DA:336,0
DA:337,0
DA:338,0
DA:339,0
DA:340,0
DA:341,0
DA:342,0
DA:343,3
DA:344,1
DA:345,2
DA:346,2
DA:347,2
DA:348,2
DA:349,2
DA:350,2
DA:351,2
DA:352,2
DA:353,2
DA:354,2
DA:355,2
DA:356,2
DA:357,1
DA:358,8
DA:359,8
DA:360,8
DA:361,2
DA:362,2
DA:363,6
DA:364,8
DA:365,1
DA:366,8
DA:367,8
DA:368,8
DA:369,2
DA:370,2
DA:371,6
DA:372,6
DA:373,8
DA:374,8
DA:375,8
DA:376,2
DA:377,2
DA:378,8
DA:379,1
DA:380,1
DA:381,1
DA:382,1
DA:383,1
DA:384,1
DA:385,1
DA:386,1
DA:387,1
DA:388,1
DA:389,1
DA:390,1
DA:391,1
DA:392,1
DA:393,1
DA:394,1
DA:395,1
DA:396,1
LF:396
LH:369
BRDA:1,0,0,1
BRDA:21,1,0,28
BRDA:22,2,0,26
BRDA:25,3,0,2
BRDA:26,4,0,3
BRDA:29,5,0,28
BRDA:34,6,0,26
BRDA:36,7,0,2
BRDA:36,8,0,1
BRDA:45,9,0,26
BRDA:46,10,0,5
BRDA:51,11,0,21
BRDA:54,12,0,7
BRDA:55,13,0,5
BRDA:58,14,0,2
BRDA:60,15,0,1
BRDA:68,16,0,7
BRDA:79,17,0,1
BRDA:82,18,0,11
BRDA:127,19,0,1
BRDA:130,20,0,7
BRDA:131,21,0,3
BRDA:132,22,0,4
BRDA:132,23,0,3
BRDA:146,24,0,4
BRDA:154,25,0,3
BRDA:168,26,0,21
BRDA:169,27,0,17
BRDA:169,28,0,15
BRDA:172,29,0,35
BRDA:173,30,0,10
BRDA:176,31,0,25
BRDA:179,32,0,34
BRDA:180,33,0,32
BRDA:180,34,0,2
BRDA:190,35,0,10
BRDA:194,36,0,8
BRDA:213,37,0,4
BRDA:217,38,0,0
BRDA:218,39,0,0
BRDA:225,40,0,7
BRDA:226,41,0,6
BRDA:229,42,0,1
BRDA:232,43,0,2
BRDA:233,44,0,0
BRDA:234,45,0,0
BRDA:235,46,0,0
BRDA:244,47,0,2
BRDA:247,48,0,35
BRDA:248,49,0,7
BRDA:249,50,0,1
BRDA:249,51,0,1
BRDA:252,52,0,6
BRDA:261,53,0,7
BRDA:262,54,0,3
BRDA:262,55,0,3
BRDA:263,56,0,4
BRDA:263,57,0,3
BRDA:270,58,0,6
BRDA:286,59,0,1
BRDA:287,60,0,1
BRDA:288,61,0,6
BRDA:290,62,0,5
BRDA:291,63,0,2
BRDA:264,64,0,2
BRDA:285,65,0,8
BRDA:305,66,0,3
BRDA:306,67,0,2
BRDA:309,68,0,1
BRDA:310,69,0,1
BRDA:310,70,0,0
BRDA:311,71,0,0
BRDA:311,72,0,1
BRDA:314,73,0,3
BRDA:316,74,0,1
BRDA:316,75,0,1
BRDA:316,76,0,2
BRDA:319,77,0,1
BRDA:320,78,0,0
BRDA:320,79,0,1
BRDA:323,80,0,1
BRDA:325,81,0,0
BRDA:329,82,0,0
BRDA:329,83,0,0
BRDA:332,84,0,3
BRDA:336,85,0,0
BRDA:345,86,0,2
BRDA:346,87,0,0
BRDA:358,88,0,8
BRDA:359,89,0,2
BRDA:360,90,0,2
BRDA:363,91,0,6
BRDA:366,92,0,8
BRDA:368,93,0,2
BRDA:371,94,0,6
BRDA:373,95,0,5
BRDA:375,96,0,2
BRF:97
BRH:84
end_of_record
TN:
SF:api/auth/google.js
FN:14,handler
FNF:1
FNH:1
FNDA:7,handler
DA:1,1
DA:2,1
DA:3,1
DA:4,1
DA:5,1
DA:6,1
DA:7,1
DA:8,1
DA:9,1
DA:10,1
DA:11,1
DA:12,1
DA:13,1
DA:14,1
DA:15,7
DA:16,1
DA:17,1
DA:18,6
DA:19,6
DA:20,6
DA:21,7
DA:22,1
DA:23,1
DA:24,1
DA:25,5
DA:26,5
DA:27,7
DA:28,1
DA:29,1
DA:30,4
DA:31,4
DA:32,7
DA:33,7
DA:34,7
DA:35,1
DA:36,1
DA:37,3
DA:38,3
DA:39,3
DA:40,3
DA:41,3
DA:42,3
DA:43,3
DA:44,3
DA:45,3
DA:46,3
DA:47,2
DA:48,2
DA:49,7
DA:50,1
DA:51,1
DA:52,1
DA:53,1
DA:54,1
DA:55,1
DA:56,1
DA:57,1
DA:58,1
DA:59,1
DA:60,7
DA:61,7
DA:62,7
DA:63,7
DA:64,7
DA:65,1
DA:66,1
DA:67,1
DA:68,1
DA:69,1
DA:70,1
DA:71,1
DA:72,1
DA:73,1
DA:74,1
DA:75,1
DA:76,1
DA:77,1
DA:78,1
DA:79,1
DA:80,1
DA:81,1
DA:82,1
DA:83,1
DA:84,1
DA:85,1
DA:86,1
DA:87,1
DA:88,1
DA:89,1
DA:90,1
DA:91,1
DA:92,1
LF:92
LH:92
BRDA:1,0,0,1
BRDA:14,1,0,7
BRDA:15,2,0,1
BRDA:18,3,0,6
BRDA:21,4,0,1
BRDA:25,5,0,5
BRDA:27,6,0,1
BRDA:30,7,0,4
BRDA:34,8,0,1
BRDA:37,9,0,3
BRDA:47,10,0,2
BRDA:49,11,0,2
BRDA:49,12,0,1
BRDA:49,13,0,1
BRDA:60,14,0,0
BRDA:65,15,0,1
BRF:16
BRH:15
end_of_record
TN:
SF:api/planner/me.js
FN:16,resolvePlannerForSession
FN:43,findOwnerEmail
FN:50,handler
FNF:3
FNH:3
FNDA:3,resolvePlannerForSession
FNDA:2,findOwnerEmail
FNDA:7,handler
DA:1,1
DA:2,1
DA:3,1
DA:4,1
DA:5,1
DA:6,1
DA:7,1
DA:8,1
DA:9,1
DA:10,1
DA:11,1
DA:12,1
DA:13,1
DA:14,1
DA:15,1
DA:16,3
DA:17,3
DA:18,3
DA:19,3
DA:20,3
DA:21,3
DA:22,3
DA:23,3
DA:24,3
DA:25,3
DA:26,3
DA:27,3
DA:28,3
DA:29,3
DA:30,3
DA:31,3
DA:32,0
DA:33,0
DA:34,0
DA:35,0
DA:36,0
DA:37,0
DA:38,0
DA:39,0
DA:40,0
DA:41,3
DA:42,1
DA:43,2
DA:44,2
DA:45,2
DA:46,2
DA:47,2
DA:48,2
DA:49,1
DA:50,1
DA:51,7
DA:52,1
DA:53,1
DA:54,6
DA:55,6
DA:56,6
DA:57,7
DA:58,1
DA:59,1
DA:60,1
DA:61,5
DA:62,5
DA:63,7
DA:64,2
DA:65,2
DA:66,3
DA:67,7
DA:68,7
DA:69,7
DA:70,7
DA:71,3
DA:72,3
DA:73,3
DA:74,3
DA:75,7
DA:76,0
DA:77,0
DA:78,7
DA:79,7
DA:80,7
DA:81,7
DA:82,7
DA:83,7
DA:84,1
DA:85,0
DA:86,0
DA:87,1
DA:88,1
DA:89,1
DA:90,1
DA:91,1
DA:92,1
DA:93,1
DA:94,1
DA:95,1
DA:96,1
DA:97,1
DA:98,1
DA:99,7
DA:100,7
DA:101,7
DA:102,7
DA:103,0
DA:104,0
DA:105,1
DA:106,1
DA:107,7
DA:108,7
DA:109,7
DA:110,7
DA:111,7
DA:112,7
DA:113,7
DA:114,7
DA:115,1
DA:116,7
DA:117,7
DA:118,7
DA:119,7
DA:120,7
DA:121,7
DA:122,7
DA:123,1
DA:124,1
DA:125,1
DA:126,1
LF:126
LH:111
BRDA:1,0,0,1
BRDA:16,1,0,3
BRDA:18,2,0,0
BRDA:20,3,0,0
BRDA:32,4,0,0
BRDA:43,5,0,2
BRDA:44,6,0,0
BRDA:47,7,0,0
BRDA:47,8,0,0
BRDA:50,9,0,7
BRDA:51,10,0,1
BRDA:54,11,0,6
BRDA:57,12,0,2
BRDA:57,13,0,1
BRDA:61,14,0,5
BRDA:63,15,0,2
BRDA:66,16,0,3
BRDA:67,17,0,0
BRDA:67,18,0,3
BRDA:67,19,0,3
BRDA:71,20,0,3
BRDA:75,21,0,2
BRDA:75,22,0,0
BRDA:78,23,0,2
BRDA:81,24,0,2
BRDA:81,25,0,0
BRDA:83,26,0,1
BRDA:84,27,0,0
BRDA:94,28,0,0
BRDA:101,29,0,0
BRDA:102,30,0,1
BRDA:102,31,0,0
BRDA:105,32,0,1
BRDA:115,33,0,1
BRDA:122,34,0,1
BRF:35
BRH:22
end_of_record
